#
# There is insufficient memory for the Java Runtime Environment to continue.
# Native memory allocation (mmap) failed to map 132120576 bytes for Failed to commit area from 0x0000000082600000 to 0x000000008a400000 of length 132120576.
# Possible reasons:
#   The system is out of physical RAM or swap space
#   The process is running with CompressedOops enabled, and the Java Heap may be blocking the growth of the native heap
# Possible solutions:
#   Reduce memory load on the system
#   Increase physical memory or swap space
#   Check if swap backing store is full
#   Decrease Java heap size (-Xmx/-Xms)
#   Decrease number of Java threads
#   Decrease Java thread stack sizes (-Xss)
#   Set larger code cache with -XX:ReservedCodeCacheSize=
# This output file may be truncated or incomplete.
#
#  Out of Memory Error (t:/workspace/open/src/hotspot/os/windows/os_windows.cpp:3301), pid=4792, tid=23944
#
# JRE version:  (13.0+33) (build )
# Java VM: Java HotSpot(TM) 64-Bit Server VM (13+33, mixed mode, aot, sharing, tiered, compressed oops, g1 gc, windows-amd64)
# No core dump will be written. Minidumps are not enabled by default on client versions of Windows
#

---------------  S U M M A R Y ------------

Command Line: -Dmaven.multiModuleProjectDirectory=E:\idea space\ch06-aop-aspectj -DarchetypeCatalog=internal -Dfile.encoding=gb2312 -Dmaven.home=D:\program files\apache-maven-3.3.9 -Dclassworlds.conf=D:\program files\apache-maven-3.3.9\bin\m2.conf -Dmaven.ext.class.path=D:\program files\IntelliJ IDEA 2020.1\plugins\maven\lib\maven-event-listener.jar org.codehaus.classworlds.Launcher -Didea.version2020.1 -s D:\program files\apache-maven-3.3.9\conf\settings.xml clean install --non-recursive

Host: Intel(R) Core(TM) i5-8265U CPU @ 1.60GHz, 8 cores, 7G,  Windows 10 , 64 bit Build 18362 (10.0.18362.1082)
Time: Sun Sep 27 14:59:31 2020 ?D1¨²¡À¨º¡Á?¨º¡À?? elapsed time: 0 seconds (0d 0h 0m 0s)

---------------  T H R E A D  ---------------

Current thread (0x000001efe2eff000):  JavaThread "Unknown thread" [_thread_in_vm, id=23944, stack(0x0000003ed1300000,0x0000003ed1400000)]

Stack: [0x0000003ed1300000,0x0000003ed1400000]
Native frames: (J=compiled Java code, j=interpreted, Vv=VM code, C=native code)
V  [jvm.dll+0x626eaa]
V  [jvm.dll+0x772c4a]
V  [jvm.dll+0x7743ff]
V  [jvm.dll+0x774a03]
V  [jvm.dll+0x24da38]
V  [jvm.dll+0x62436a]
V  [jvm.dll+0x618f55]
V  [jvm.dll+0x30c5fc]
V  [jvm.dll+0x30c432]
V  [jvm.dll+0x311ba6]
V  [jvm.dll+0x355cc6]
V  [jvm.dll+0x3554a0]
V  [jvm.dll+0x2e727a]
V  [jvm.dll+0x2e8512]
V  [jvm.dll+0x74fcb8]
V  [jvm.dll+0x363719]
V  [jvm.dll+0x732da5]
V  [jvm.dll+0x3ce2cf]
V  [jvm.dll+0x3d05f1]
C  [jli.dll+0x51ff]
C  [ucrtbase.dll+0x20e82]
C  [KERNEL32.DLL+0x17bd4]
C  [ntdll.dll+0x6ce51]


---------------  P R O C E S S  ---------------

Threads class SMR info:
_java_thread_list=0x00007fff821b46b8, length=0, elements={
}

Java Threads: ( => current thread )

Other Threads:
  0x000001efe2f41800 GCTaskThread "GC Thread#0" [stack: 0x0000003ed1400000,0x0000003ed1500000] [id=20512]
  0x000001efe2f52800 ConcurrentGCThread "G1 Main Marker" [stack: 0x0000003ed1500000,0x0000003ed1600000] [id=2384]
  0x000001efe2f55000 ConcurrentGCThread "G1 Conc#0" [stack: 0x0000003ed1600000,0x0000003ed1700000] [id=17372]

[error occurred during error reporting (printing all threads), id 0xc0000005, EXCEPTION_ACCESS_VIOLATION (0xc0000005) at pc=0x00007fff819e6f47]

VM state:not at safepoint (not fully initialized)

VM Mutex/Monitor currently owned by a thread:  ([mutex/lock_event])
[0x000001efe2efafd0] Heap_lock - owner thread: 0x000001efe2eff000

Heap address: 0x0000000082600000, size: 2010 MB, Compressed Oops mode: Non-zero based: 0x0000000082600000
Narrow klass base: 0x0000000000000000, Narrow klass shift: 0

GC Heap History (0 events):
No events

Deoptimization events (0 events):
No events

Classes unloaded (0 events):
No events

Classes redefined (0 events):
No events

Internal exceptions (0 events):
No events

Events (8 events):
Event: 0.018 Loaded shared library D:\Program Files\Java\jdk-13\bin\zip.dll
Event: 0.019 Loaded shared library D:\Program Files\Java\jdk-13\bin\jimage.dll
Event: 0.041 Loading shared library D:\Program Files\Java\jdk-13\lib\libjava.base-coop.dll failed, error code 126
Event: 0.041 Loading shared library D:\Program Files\Java\jdk-13\lib\libjava.logging-coop.dll failed, error code 126
Event: 0.042 Loading shared library D:\Program Files\Java\jdk-13\lib\libjdk.compiler-coop.dll failed, error code 126
Event: 0.042 Loading shared library D:\Program Files\Java\jdk-13\lib\libjdk.scripting.nashorn-coop.dll failed, error code 126
Event: 0.043 Loading shared library D:\Program Files\Java\jdk-13\lib\libjdk.internal.vm.ci-coop.dll failed, error code 126
Event: 0.044 Loading shared library D:\Program Files\Java\jdk-13\lib\libjdk.internal.vm.compiler-coop.dll failed, error code 126


Dynamic libraries:
0x00007ff73cf90000 - 0x00007ff73cf9f000 	D:\Program Files\Java\jdk-13\bin\java.exe
0x00007fffdf620000 - 0x00007fffdf810000 	C:\windows\SYSTEM32\ntdll.dll
0x00007fffddfe0000 - 0x00007fffde092000 	C:\windows\System32\KERNEL32.DLL
0x00007fffdc5b0000 - 0x00007fffdc855000 	C:\windows\System32\KERNELBASE.dll
0x00007fffdcda0000 - 0x00007fffdce9a000 	C:\windows\System32\ucrtbase.dll
0x00007fffc8440000 - 0x00007fffc8458000 	D:\Program Files\Java\jdk-13\bin\jli.dll
0x00007fffde820000 - 0x00007fffde8c3000 	C:\windows\System32\ADVAPI32.dll
0x00007fffdeb60000 - 0x00007fffdebfe000 	C:\windows\System32\msvcrt.dll
0x00007fffdf4e0000 - 0x00007fffdf577000 	C:\windows\System32\sechost.dll
0x00007fffde180000 - 0x00007fffde2a0000 	C:\windows\System32\RPCRT4.dll
0x00007fffde370000 - 0x00007fffde505000 	C:\windows\System32\USER32.dll
0x00007fffc8420000 - 0x00007fffc8435000 	D:\Program Files\Java\jdk-13\bin\VCRUNTIME140.dll
0x00007fffc5ca0000 - 0x00007fffc5f24000 	C:\windows\WinSxS\amd64_microsoft.windows.common-controls_6595b64144ccf1df_6.0.18362.1082_none_9e8193e1e45b25c1\COMCTL32.dll
0x00007fffdd800000 - 0x00007fffddb35000 	C:\windows\System32\combase.dll
0x00007fffdc930000 - 0x00007fffdc9b0000 	C:\windows\System32\bcryptPrimitives.dll
0x00007fffdf4b0000 - 0x00007fffdf4d6000 	C:\windows\System32\GDI32.dll
0x00007fffdcd70000 - 0x00007fffdcd91000 	C:\windows\System32\win32u.dll
0x00007fffdc9d0000 - 0x00007fffdcb66000 	C:\windows\System32\gdi32full.dll
0x00007fffdc860000 - 0x00007fffdc8fe000 	C:\windows\System32\msvcp_win.dll
0x00007fffd1830000 - 0x00007fffd183a000 	C:\windows\SYSTEM32\VERSION.dll
0x00007fffddb40000 - 0x00007fffddb6e000 	C:\windows\System32\IMM32.DLL
0x00007fffb7680000 - 0x00007fffb771b000 	D:\Program Files\Java\jdk-13\bin\msvcp140.dll
0x00007fff816f0000 - 0x00007fff82256000 	D:\Program Files\Java\jdk-13\bin\server\jvm.dll
0x00007fffde580000 - 0x00007fffde588000 	C:\windows\System32\PSAPI.DLL
0x00007fffd45e0000 - 0x00007fffd45e9000 	C:\windows\SYSTEM32\WSOCK32.dll
0x00007fffde0a0000 - 0x00007fffde10f000 	C:\windows\System32\WS2_32.dll
0x00007fffd08e0000 - 0x00007fffd0904000 	C:\windows\SYSTEM32\WINMM.dll
0x00007fffd08b0000 - 0x00007fffd08dd000 	C:\windows\SYSTEM32\WINMMBASE.dll
0x00007fffdcbd0000 - 0x00007fffdcc1a000 	C:\windows\System32\cfgmgr32.dll
0x00007fffdc4f0000 - 0x00007fffdc501000 	C:\windows\System32\kernel.appcore.dll
0x00007fffd29d0000 - 0x00007fffd29e0000 	D:\Program Files\Java\jdk-13\bin\verify.dll
0x00007fffda5a0000 - 0x00007fffda794000 	C:\windows\SYSTEM32\DBGHELP.DLL
0x00007fffc2fb0000 - 0x00007fffc2fda000 	C:\windows\SYSTEM32\dbgcore.DLL
0x00007fffc6370000 - 0x00007fffc6396000 	D:\Program Files\Java\jdk-13\bin\java.dll
0x00007fffc6350000 - 0x00007fffc6367000 	D:\Program Files\Java\jdk-13\bin\zip.dll
0x00007fffd2860000 - 0x00007fffd286a000 	D:\Program Files\Java\jdk-13\bin\jimage.dll

dbghelp: loaded successfully - version: 4.0.5 - missing functions: none
symbol engine: initialized successfully - sym options: 0x614 - pdb path: .;D:\Program Files\Java\jdk-13\bin;C:\windows\SYSTEM32;C:\windows\WinSxS\amd64_microsoft.windows.common-controls_6595b64144ccf1df_6.0.18362.1082_none_9e8193e1e45b25c1;D:\Program Files\Java\jdk-13\bin\server

VM Arguments:
jvm_args: -Dmaven.multiModuleProjectDirectory=E:\idea space\ch06-aop-aspectj -DarchetypeCatalog=internal -Dfile.encoding=gb2312 -Dmaven.home=D:\program files\apache-maven-3.3.9 -Dclassworlds.conf=D:\program files\apache-maven-3.3.9\bin\m2.conf -Dmaven.ext.class.path=D:\program files\IntelliJ IDEA 2020.1\plugins\maven\lib\maven-event-listener.jar 
java_command: org.codehaus.classworlds.Launcher -Didea.version2020.1 -s D:\program files\apache-maven-3.3.9\conf\settings.xml clean install --non-recursive
java_class_path (initial): D:\program files\apache-maven-3.3.9\boot\plexus-classworlds-2.5.2.jar
Launcher Type: SUN_STANDARD

[Global flags]
     intx CICompilerCount                          = 4                                         {product} {ergonomic}
     uint ConcGCThreads                            = 2                                         {product} {ergonomic}
     uint G1ConcRefinementThreads                  = 8                                         {product} {ergonomic}
   size_t G1HeapRegionSize                         = 1048576                                   {product} {ergonomic}
    uintx GCDrainStackTargetSize                   = 64                                        {product} {ergonomic}
   size_t InitialHeapSize                          = 132120576                                 {product} {ergonomic}
   size_t MarkStackSize                            = 4194304                                   {product} {ergonomic}
   size_t MaxHeapSize                              = 2107637760                                {product} {ergonomic}
   size_t MinHeapDeltaBytes                        = 1048576                                   {product} {ergonomic}
   size_t MinHeapSize                              = 8388608                                   {product} {ergonomic}
    uintx NonNMethodCodeHeapSize                   = 5836300                                {pd product} {ergonomic}
    uintx NonProfiledCodeHeapSize                  = 122910970                              {pd product} {ergonomic}
    uintx ProfiledCodeHeapSize                     = 122910970                              {pd product} {ergonomic}
    uintx ReservedCodeCacheSize                    = 251658240                              {pd product} {ergonomic}
     bool SegmentedCodeCache                       = true                                      {product} {ergonomic}
   size_t SoftMaxHeapSize                          = 2107637760                             {manageable} {ergonomic}
     bool UseCompressedClassPointers               = true                                 {lp64_product} {ergonomic}
     bool UseCompressedOops                        = true                                 {lp64_product} {ergonomic}
     bool UseG1GC                                  = true                                      {product} {ergonomic}
     bool UseLargePagesIndividualAllocation        = false                                  {pd product} {ergonomic}

Logging:
Log output configuration:
 #0: stdout all=warning uptime,level,tags
 #1: stderr all=off uptime,level,tags

Environment Variables:
JAVA_HOME=D:\program files\Java\jdk-13
CLASSPATH=.;D:\program files\apache-maven-3.3.9\mysql-connector-java-8.0.20.jar
PATH=D:\program files\perl\site\bin;D:\program files\perl\bin;C:\Program Files\Microsoft MPI\Bin\;C:\windows;C:\windows\system32;C:\windows\System32\Wbem;C:\windows\System32\WindowsPowerShell\v1.0\;C:\windows\System32\OpenSSH\;C:\Program Files (x86)\NVIDIA Corporation\PhysX\Common;C:\Program Files\NVIDIA Corporation\NVIDIA NvDLISR;C:\Program Files\Intel\WiFi\bin\;C:\Program Files\Common Files\Intel\WirelessCommon\;D:\program files\mysql-8.0.17-winx64\bin;D:\program files\Java\jdk-13\bin;D:\program files\Java\jdk-13\jre\bin;D:\program files\texlive\2019\bin\win32;C:\Program Files\Microsoft SQL Server\130\Tools\Binn\;C:\Program Files\Microsoft SQL Server\Client SDK\ODBC\170\Tools\Binn\;D:\program files\CodeBlocks\MinGW\bin;D:\program files\apache-maven-3.3.9\bin;C:\Program Files\dotnet\;D:\program files\Git\cmd;D:\program files\python\Scripts\;D:\program files\python\;C:\Users\huige\AppData\Local\Microsoft\WindowsApps;D:\program files\Bandzip\;E:\python workspace\venv\Lib\site-packages\;D:\program files\PyCharm Community Edition 2019.2.4\bin;;D:\program files\PyCharm 2019.2.4\bin;;D:\program files\CodeBlocks\MinGW\bin;C:\Users\huige\AppData\Local\Pandoc\;D:\program files\Microsoft VS Code\bin;D:\program files\IntelliJ IDEA 2020.1\bin;;C:\Users\huige\.dotnet\tools
USERNAME=huige
OS=Windows_NT
PROCESSOR_IDENTIFIER=Intel64 Family 6 Model 142 Stepping 11, GenuineIntel



---------------  S Y S T E M  ---------------

OS: Windows 10 , 64 bit Build 18362 (10.0.18362.1082)

CPU:total 8 (initial active 8) (4 cores per cpu, 2 threads per core) family 6 model 142 stepping 11, cmov, cx8, fxsr, mmx, sse, sse2, sse3, ssse3, sse4.1, sse4.2, popcnt, avx, avx2, aes, clmul, erms, 3dnowpref, lzcnt, ht, tsc, tscinvbit, bmi1, bmi2, adx, fma

Memory: 4k page, system-wide physical 8037M (175M free)
TotalPageFile size 21349M (AvailPageFile size 4M)
current process WorkingSet (physical memory assigned to process): 10M, peak: 10M
current process commit charge ("private bytes"): 60M, peak: 186M

vm_info: Java HotSpot(TM) 64-Bit Server VM (13+33) for windows-amd64 JRE (13+33), built on Sep 18 2019 21:38:00 by "mach5one" with unknown MS VC++:1916

END.
