#
# There is insufficient memory for the Java Runtime Environment to continue.
# Native memory allocation (malloc) failed to allocate 225216 bytes for Chunk::new
# Possible reasons:
#   The system is out of physical RAM or swap space
#   The process is running with CompressedOops enabled, and the Java Heap may be blocking the growth of the native heap
# Possible solutions:
#   Reduce memory load on the system
#   Increase physical memory or swap space
#   Check if swap backing store is full
#   Decrease Java heap size (-Xmx/-Xms)
#   Decrease number of Java threads
#   Decrease Java thread stack sizes (-Xss)
#   Set larger code cache with -XX:ReservedCodeCacheSize=
#   JVM is running with Unscaled Compressed Oops mode in which the Java heap is
#     placed in the first 4GB address space. The Java Heap base address is the
#     maximum limit for the native heap growth. Please use -XX:HeapBaseMinAddress
#     to set the Java Heap base and to place the Java Heap above 4GB virtual address.
# This output file may be truncated or incomplete.
#
#  Out of Memory Error (t:/workspace/open/src/hotspot/share/memory/arena.cpp:196), pid=6832, tid=24684
#
# JRE version: Java(TM) SE Runtime Environment (13.0+33) (build 13+33)
# Java VM: Java HotSpot(TM) 64-Bit Server VM (13+33, mixed mode, sharing, tiered, compressed oops, g1 gc, windows-amd64)
# No core dump will be written. Minidumps are not enabled by default on client versions of Windows
#

---------------  S U M M A R Y ------------

Command Line: -Dmaven.multiModuleProjectDirectory=E:\idea space\maven -DarchetypeCatalog=internal -Dfile.encoding=gb2312 -Dmaven.home=D:\program files\apache-maven-3.3.9 -Dclassworlds.conf=D:\program files\apache-maven-3.3.9\bin\m2.conf -Dmaven.ext.class.path=D:\program files\IntelliJ IDEA 2020.1\plugins\maven\lib\maven-event-listener.jar org.codehaus.classworlds.Launcher -Didea.version2020.1 -s D:\program files\apache-maven-3.3.9\conf\settings.xml clean install --non-recursive

Host: Intel(R) Core(TM) i5-8265U CPU @ 1.60GHz, 8 cores, 7G,  Windows 10 , 64 bit Build 18362 (10.0.18362.1082)
Time: Sun Sep 27 14:59:42 2020 ?D1¨²¡À¨º¡Á?¨º¡À?? elapsed time: 8 seconds (0d 0h 0m 8s)

---------------  T H R E A D  ---------------

Current thread (0x00000182cd889800):  JavaThread "C2 CompilerThread0" daemon [_thread_in_native, id=24684, stack(0x0000004efc000000,0x0000004efc100000)]


Current CompileTask:
C2:   8904 2034       4       java.util.jar.JarFile::maybeInstantiateVerifier (116 bytes)

Stack: [0x0000004efc000000,0x0000004efc100000]
Native frames: (J=compiled Java code, j=interpreted, Vv=VM code, C=native code)
V  [jvm.dll+0x626eaa]
V  [jvm.dll+0x772c4a]
V  [jvm.dll+0x7743ff]
V  [jvm.dll+0x774a03]
V  [jvm.dll+0x24da38]
V  [jvm.dll+0xc3ae7]
V  [jvm.dll+0xc406c]
V  [jvm.dll+0x2bfa64]
V  [jvm.dll+0x545e4d]
V  [jvm.dll+0x20fd2a]
V  [jvm.dll+0x209740]
V  [jvm.dll+0x2069bd]
V  [jvm.dll+0x18b94c]
V  [jvm.dll+0x2159bd]
V  [jvm.dll+0x213e6b]
V  [jvm.dll+0x738af6]
V  [jvm.dll+0x731bea]
V  [jvm.dll+0x6260a6]
C  [ucrtbase.dll+0x20e82]
C  [KERNEL32.DLL+0x17bd4]
C  [ntdll.dll+0x6ce51]


---------------  P R O C E S S  ---------------

Threads class SMR info:
_java_thread_list=0x00000182ce226e10, length=10, elements={
0x00000182aeace000, 0x00000182cd86a800, 0x00000182cd86e000, 0x00000182cd887800,
0x00000182cd888800, 0x00000182cd889800, 0x00000182ce15a800, 0x00000182ce15d800,
0x00000182ce233800, 0x00000182ce23d800
}

Java Threads: ( => current thread )
  0x00000182aeace000 JavaThread "main" [_thread_in_vm, id=13844, stack(0x0000004efb500000,0x0000004efb600000)]
  0x00000182cd86a800 JavaThread "Reference Handler" daemon [_thread_blocked, id=13284, stack(0x0000004efbc00000,0x0000004efbd00000)]
  0x00000182cd86e000 JavaThread "Finalizer" daemon [_thread_blocked, id=21660, stack(0x0000004efbd00000,0x0000004efbe00000)]
  0x00000182cd887800 JavaThread "Signal Dispatcher" daemon [_thread_blocked, id=1240, stack(0x0000004efbe00000,0x0000004efbf00000)]
  0x00000182cd888800 JavaThread "Attach Listener" daemon [_thread_blocked, id=15424, stack(0x0000004efbf00000,0x0000004efc000000)]
=>0x00000182cd889800 JavaThread "C2 CompilerThread0" daemon [_thread_in_native, id=24684, stack(0x0000004efc000000,0x0000004efc100000)]
  0x00000182ce15a800 JavaThread "C1 CompilerThread0" daemon [_thread_blocked, id=21876, stack(0x0000004efc100000,0x0000004efc200000)]
  0x00000182ce15d800 JavaThread "Sweeper thread" daemon [_thread_blocked, id=21952, stack(0x0000004efc200000,0x0000004efc300000)]
  0x00000182ce233800 JavaThread "Service Thread" daemon [_thread_blocked, id=14516, stack(0x0000004efc300000,0x0000004efc400000)]
  0x00000182ce23d800 JavaThread "Common-Cleaner" daemon [_thread_blocked, id=3428, stack(0x0000004efc500000,0x0000004efc600000)]

Other Threads:
  0x00000182cd866000 VMThread "VM Thread" [stack: 0x0000004efbb00000,0x0000004efbc00000] [id=6100]
  0x00000182ce23d000 WatcherThread [stack: 0x0000004efc400000,0x0000004efc500000] [id=17328]
  0x00000182aeb11000 GCTaskThread "GC Thread#0" [stack: 0x0000004efb600000,0x0000004efb700000] [id=23376]
  0x00000182d6aeb800 GCTaskThread "GC Thread#1" [stack: 0x0000004efc600000,0x0000004efc700000] [id=20588]
  0x00000182d6aec000 GCTaskThread "GC Thread#2" [stack: 0x0000004efc700000,0x0000004efc800000] [id=10168]
  0x00000182aeb22000 ConcurrentGCThread "G1 Main Marker" [stack: 0x0000004efb700000,0x0000004efb800000] [id=9456]
  0x00000182aeb23800 ConcurrentGCThread "G1 Conc#0" [stack: 0x0000004efb800000,0x0000004efb900000] [id=10992]
  0x00000182cd6e2800 ConcurrentGCThread "G1 Refine#0" [stack: 0x0000004efb900000,0x0000004efba00000] [id=1900]
  0x00000182cd6e4000 ConcurrentGCThread "G1 Young RemSet Sampling" [stack: 0x0000004efba00000,0x0000004efbb00000] [id=14360]

Threads with active compile tasks:
C2 CompilerThread0     8956 2034       4       java.util.jar.JarFile::maybeInstantiateVerifier (116 bytes)

VM state:not at safepoint (normal execution)

VM Mutex/Monitor currently owned by a thread: None

Heap address: 0x0000000082600000, size: 2010 MB, Compressed Oops mode: 32-bit
Narrow klass base: 0x0000000800000000, Narrow klass shift: 3
Compressed class space size: 1073741824 Address: 0x0000000800b40000

Heap:
 garbage-first heap   total 129024K, used 44547K [0x0000000082600000, 0x0000000100000000)
  region size 1024K, 44 young (45056K), 3 survivors (3072K)
 Metaspace       used 11845K, capacity 13753K, committed 13952K, reserved 1060864K
  class space    used 1421K, capacity 1652K, committed 1664K, reserved 1048576K
Heap Regions: E=young(eden), S=young(survivor), O=old, HS=humongous(starts), HC=humongous(continues), CS=collection set, F=free, A=archive, TAMS=top-at-mark-start (previous, next)
|   0|0x0000000082600000, 0x0000000082680e00, 0x0000000082700000| 50%| O|  |TAMS 0x0000000082600000, 0x0000000082600000| Untracked 
|   1|0x0000000082700000, 0x0000000082700000, 0x0000000082800000|  0%| F|  |TAMS 0x0000000082700000, 0x0000000082700000| Untracked 
|   2|0x0000000082800000, 0x0000000082800000, 0x0000000082900000|  0%| F|  |TAMS 0x0000000082800000, 0x0000000082800000| Untracked 
|   3|0x0000000082900000, 0x0000000082900000, 0x0000000082a00000|  0%| F|  |TAMS 0x0000000082900000, 0x0000000082900000| Untracked 
|   4|0x0000000082a00000, 0x0000000082a00000, 0x0000000082b00000|  0%| F|  |TAMS 0x0000000082a00000, 0x0000000082a00000| Untracked 
|   5|0x0000000082b00000, 0x0000000082b00000, 0x0000000082c00000|  0%| F|  |TAMS 0x0000000082b00000, 0x0000000082b00000| Untracked 
|   6|0x0000000082c00000, 0x0000000082c00000, 0x0000000082d00000|  0%| F|  |TAMS 0x0000000082c00000, 0x0000000082c00000| Untracked 
|   7|0x0000000082d00000, 0x0000000082d00000, 0x0000000082e00000|  0%| F|  |TAMS 0x0000000082d00000, 0x0000000082d00000| Untracked 
|   8|0x0000000082e00000, 0x0000000082e00000, 0x0000000082f00000|  0%| F|  |TAMS 0x0000000082e00000, 0x0000000082e00000| Untracked 
|   9|0x0000000082f00000, 0x0000000082f00000, 0x0000000083000000|  0%| F|  |TAMS 0x0000000082f00000, 0x0000000082f00000| Untracked 
|  10|0x0000000083000000, 0x0000000083000000, 0x0000000083100000|  0%| F|  |TAMS 0x0000000083000000, 0x0000000083000000| Untracked 
|  11|0x0000000083100000, 0x0000000083100000, 0x0000000083200000|  0%| F|  |TAMS 0x0000000083100000, 0x0000000083100000| Untracked 
|  12|0x0000000083200000, 0x0000000083200000, 0x0000000083300000|  0%| F|  |TAMS 0x0000000083200000, 0x0000000083200000| Untracked 
|  13|0x0000000083300000, 0x0000000083300000, 0x0000000083400000|  0%| F|  |TAMS 0x0000000083300000, 0x0000000083300000| Untracked 
|  14|0x0000000083400000, 0x0000000083400000, 0x0000000083500000|  0%| F|  |TAMS 0x0000000083400000, 0x0000000083400000| Untracked 
|  15|0x0000000083500000, 0x0000000083500000, 0x0000000083600000|  0%| F|  |TAMS 0x0000000083500000, 0x0000000083500000| Untracked 
|  16|0x0000000083600000, 0x0000000083600000, 0x0000000083700000|  0%| F|  |TAMS 0x0000000083600000, 0x0000000083600000| Untracked 
|  17|0x0000000083700000, 0x0000000083700000, 0x0000000083800000|  0%| F|  |TAMS 0x0000000083700000, 0x0000000083700000| Untracked 
|  18|0x0000000083800000, 0x0000000083800000, 0x0000000083900000|  0%| F|  |TAMS 0x0000000083800000, 0x0000000083800000| Untracked 
|  19|0x0000000083900000, 0x0000000083900000, 0x0000000083a00000|  0%| F|  |TAMS 0x0000000083900000, 0x0000000083900000| Untracked 
|  20|0x0000000083a00000, 0x0000000083a00000, 0x0000000083b00000|  0%| F|  |TAMS 0x0000000083a00000, 0x0000000083a00000| Untracked 
|  21|0x0000000083b00000, 0x0000000083b00000, 0x0000000083c00000|  0%| F|  |TAMS 0x0000000083b00000, 0x0000000083b00000| Untracked 
|  22|0x0000000083c00000, 0x0000000083c00000, 0x0000000083d00000|  0%| F|  |TAMS 0x0000000083c00000, 0x0000000083c00000| Untracked 
|  23|0x0000000083d00000, 0x0000000083d00000, 0x0000000083e00000|  0%| F|  |TAMS 0x0000000083d00000, 0x0000000083d00000| Untracked 
|  24|0x0000000083e00000, 0x0000000083e00000, 0x0000000083f00000|  0%| F|  |TAMS 0x0000000083e00000, 0x0000000083e00000| Untracked 
|  25|0x0000000083f00000, 0x0000000083f00000, 0x0000000084000000|  0%| F|  |TAMS 0x0000000083f00000, 0x0000000083f00000| Untracked 
|  26|0x0000000084000000, 0x0000000084000000, 0x0000000084100000|  0%| F|  |TAMS 0x0000000084000000, 0x0000000084000000| Untracked 
|  27|0x0000000084100000, 0x0000000084100000, 0x0000000084200000|  0%| F|  |TAMS 0x0000000084100000, 0x0000000084100000| Untracked 
|  28|0x0000000084200000, 0x0000000084200000, 0x0000000084300000|  0%| F|  |TAMS 0x0000000084200000, 0x0000000084200000| Untracked 
|  29|0x0000000084300000, 0x0000000084300000, 0x0000000084400000|  0%| F|  |TAMS 0x0000000084300000, 0x0000000084300000| Untracked 
|  30|0x0000000084400000, 0x0000000084400000, 0x0000000084500000|  0%| F|  |TAMS 0x0000000084400000, 0x0000000084400000| Untracked 
|  31|0x0000000084500000, 0x0000000084500000, 0x0000000084600000|  0%| F|  |TAMS 0x0000000084500000, 0x0000000084500000| Untracked 
|  32|0x0000000084600000, 0x0000000084600000, 0x0000000084700000|  0%| F|  |TAMS 0x0000000084600000, 0x0000000084600000| Untracked 
|  33|0x0000000084700000, 0x0000000084700000, 0x0000000084800000|  0%| F|  |TAMS 0x0000000084700000, 0x0000000084700000| Untracked 
|  34|0x0000000084800000, 0x0000000084800000, 0x0000000084900000|  0%| F|  |TAMS 0x0000000084800000, 0x0000000084800000| Untracked 
|  35|0x0000000084900000, 0x0000000084900000, 0x0000000084a00000|  0%| F|  |TAMS 0x0000000084900000, 0x0000000084900000| Untracked 
|  36|0x0000000084a00000, 0x0000000084a00000, 0x0000000084b00000|  0%| F|  |TAMS 0x0000000084a00000, 0x0000000084a00000| Untracked 
|  37|0x0000000084b00000, 0x0000000084b00000, 0x0000000084c00000|  0%| F|  |TAMS 0x0000000084b00000, 0x0000000084b00000| Untracked 
|  38|0x0000000084c00000, 0x0000000084c00000, 0x0000000084d00000|  0%| F|  |TAMS 0x0000000084c00000, 0x0000000084c00000| Untracked 
|  39|0x0000000084d00000, 0x0000000084d00000, 0x0000000084e00000|  0%| F|  |TAMS 0x0000000084d00000, 0x0000000084d00000| Untracked 
|  40|0x0000000084e00000, 0x0000000084e00000, 0x0000000084f00000|  0%| F|  |TAMS 0x0000000084e00000, 0x0000000084e00000| Untracked 
|  41|0x0000000084f00000, 0x0000000084f00000, 0x0000000085000000|  0%| F|  |TAMS 0x0000000084f00000, 0x0000000084f00000| Untracked 
|  42|0x0000000085000000, 0x0000000085000000, 0x0000000085100000|  0%| F|  |TAMS 0x0000000085000000, 0x0000000085000000| Untracked 
|  43|0x0000000085100000, 0x0000000085100000, 0x0000000085200000|  0%| F|  |TAMS 0x0000000085100000, 0x0000000085100000| Untracked 
|  44|0x0000000085200000, 0x0000000085200000, 0x0000000085300000|  0%| F|  |TAMS 0x0000000085200000, 0x0000000085200000| Untracked 
|  45|0x0000000085300000, 0x0000000085300000, 0x0000000085400000|  0%| F|  |TAMS 0x0000000085300000, 0x0000000085300000| Untracked 
|  46|0x0000000085400000, 0x0000000085400000, 0x0000000085500000|  0%| F|  |TAMS 0x0000000085400000, 0x0000000085400000| Untracked 
|  47|0x0000000085500000, 0x0000000085500000, 0x0000000085600000|  0%| F|  |TAMS 0x0000000085500000, 0x0000000085500000| Untracked 
|  48|0x0000000085600000, 0x0000000085600000, 0x0000000085700000|  0%| F|  |TAMS 0x0000000085600000, 0x0000000085600000| Untracked 
|  49|0x0000000085700000, 0x0000000085700000, 0x0000000085800000|  0%| F|  |TAMS 0x0000000085700000, 0x0000000085700000| Untracked 
|  50|0x0000000085800000, 0x0000000085800000, 0x0000000085900000|  0%| F|  |TAMS 0x0000000085800000, 0x0000000085800000| Untracked 
|  51|0x0000000085900000, 0x0000000085900000, 0x0000000085a00000|  0%| F|  |TAMS 0x0000000085900000, 0x0000000085900000| Untracked 
|  52|0x0000000085a00000, 0x0000000085a00000, 0x0000000085b00000|  0%| F|  |TAMS 0x0000000085a00000, 0x0000000085a00000| Untracked 
|  53|0x0000000085b00000, 0x0000000085b00000, 0x0000000085c00000|  0%| F|  |TAMS 0x0000000085b00000, 0x0000000085b00000| Untracked 
|  54|0x0000000085c00000, 0x0000000085c00000, 0x0000000085d00000|  0%| F|  |TAMS 0x0000000085c00000, 0x0000000085c00000| Untracked 
|  55|0x0000000085d00000, 0x0000000085d00000, 0x0000000085e00000|  0%| F|  |TAMS 0x0000000085d00000, 0x0000000085d00000| Untracked 
|  56|0x0000000085e00000, 0x0000000085e00000, 0x0000000085f00000|  0%| F|  |TAMS 0x0000000085e00000, 0x0000000085e00000| Untracked 
|  57|0x0000000085f00000, 0x0000000085f00000, 0x0000000086000000|  0%| F|  |TAMS 0x0000000085f00000, 0x0000000085f00000| Untracked 
|  58|0x0000000086000000, 0x0000000086000000, 0x0000000086100000|  0%| F|  |TAMS 0x0000000086000000, 0x0000000086000000| Untracked 
|  59|0x0000000086100000, 0x0000000086100000, 0x0000000086200000|  0%| F|  |TAMS 0x0000000086100000, 0x0000000086100000| Untracked 
|  60|0x0000000086200000, 0x0000000086200000, 0x0000000086300000|  0%| F|  |TAMS 0x0000000086200000, 0x0000000086200000| Untracked 
|  61|0x0000000086300000, 0x0000000086300000, 0x0000000086400000|  0%| F|  |TAMS 0x0000000086300000, 0x0000000086300000| Untracked 
|  62|0x0000000086400000, 0x0000000086400000, 0x0000000086500000|  0%| F|  |TAMS 0x0000000086400000, 0x0000000086400000| Untracked 
|  63|0x0000000086500000, 0x0000000086500000, 0x0000000086600000|  0%| F|  |TAMS 0x0000000086500000, 0x0000000086500000| Untracked 
|  64|0x0000000086600000, 0x0000000086600000, 0x0000000086700000|  0%| F|  |TAMS 0x0000000086600000, 0x0000000086600000| Untracked 
|  65|0x0000000086700000, 0x0000000086700000, 0x0000000086800000|  0%| F|  |TAMS 0x0000000086700000, 0x0000000086700000| Untracked 
|  66|0x0000000086800000, 0x0000000086800000, 0x0000000086900000|  0%| F|  |TAMS 0x0000000086800000, 0x0000000086800000| Untracked 
|  67|0x0000000086900000, 0x0000000086900000, 0x0000000086a00000|  0%| F|  |TAMS 0x0000000086900000, 0x0000000086900000| Untracked 
|  68|0x0000000086a00000, 0x0000000086a00000, 0x0000000086b00000|  0%| F|  |TAMS 0x0000000086a00000, 0x0000000086a00000| Untracked 
|  69|0x0000000086b00000, 0x0000000086b00000, 0x0000000086c00000|  0%| F|  |TAMS 0x0000000086b00000, 0x0000000086b00000| Untracked 
|  70|0x0000000086c00000, 0x0000000086c00000, 0x0000000086d00000|  0%| F|  |TAMS 0x0000000086c00000, 0x0000000086c00000| Untracked 
|  71|0x0000000086d00000, 0x0000000086d00000, 0x0000000086e00000|  0%| F|  |TAMS 0x0000000086d00000, 0x0000000086d00000| Untracked 
|  72|0x0000000086e00000, 0x0000000086e00000, 0x0000000086f00000|  0%| F|  |TAMS 0x0000000086e00000, 0x0000000086e00000| Untracked 
|  73|0x0000000086f00000, 0x0000000086f00000, 0x0000000087000000|  0%| F|  |TAMS 0x0000000086f00000, 0x0000000086f00000| Untracked 
|  74|0x0000000087000000, 0x0000000087000000, 0x0000000087100000|  0%| F|  |TAMS 0x0000000087000000, 0x0000000087000000| Untracked 
|  75|0x0000000087100000, 0x0000000087100000, 0x0000000087200000|  0%| F|  |TAMS 0x0000000087100000, 0x0000000087100000| Untracked 
|  76|0x0000000087200000, 0x0000000087200000, 0x0000000087300000|  0%| F|  |TAMS 0x0000000087200000, 0x0000000087200000| Untracked 
|  77|0x0000000087300000, 0x0000000087300000, 0x0000000087400000|  0%| F|  |TAMS 0x0000000087300000, 0x0000000087300000| Untracked 
|  78|0x0000000087400000, 0x0000000087400000, 0x0000000087500000|  0%| F|  |TAMS 0x0000000087400000, 0x0000000087400000| Untracked 
|  79|0x0000000087500000, 0x0000000087500000, 0x0000000087600000|  0%| F|  |TAMS 0x0000000087500000, 0x0000000087500000| Untracked 
|  80|0x0000000087600000, 0x0000000087600000, 0x0000000087700000|  0%| F|  |TAMS 0x0000000087600000, 0x0000000087600000| Untracked 
|  81|0x0000000087700000, 0x0000000087700000, 0x0000000087800000|  0%| F|  |TAMS 0x0000000087700000, 0x0000000087700000| Untracked 
|  82|0x0000000087800000, 0x0000000087900000, 0x0000000087900000|100%| E|  |TAMS 0x0000000087800000, 0x0000000087800000| Complete 
|  83|0x0000000087900000, 0x0000000087a00000, 0x0000000087a00000|100%| E|CS|TAMS 0x0000000087900000, 0x0000000087900000| Complete 
|  84|0x0000000087a00000, 0x0000000087b00000, 0x0000000087b00000|100%| E|CS|TAMS 0x0000000087a00000, 0x0000000087a00000| Complete 
|  85|0x0000000087b00000, 0x0000000087c00000, 0x0000000087c00000|100%| E|CS|TAMS 0x0000000087b00000, 0x0000000087b00000| Complete 
|  86|0x0000000087c00000, 0x0000000087d00000, 0x0000000087d00000|100%| E|CS|TAMS 0x0000000087c00000, 0x0000000087c00000| Complete 
|  87|0x0000000087d00000, 0x0000000087e00000, 0x0000000087e00000|100%| E|CS|TAMS 0x0000000087d00000, 0x0000000087d00000| Complete 
|  88|0x0000000087e00000, 0x0000000087f00000, 0x0000000087f00000|100%| E|CS|TAMS 0x0000000087e00000, 0x0000000087e00000| Complete 
|  89|0x0000000087f00000, 0x0000000088000000, 0x0000000088000000|100%| E|CS|TAMS 0x0000000087f00000, 0x0000000087f00000| Complete 
|  90|0x0000000088000000, 0x0000000088100000, 0x0000000088100000|100%| E|CS|TAMS 0x0000000088000000, 0x0000000088000000| Complete 
|  91|0x0000000088100000, 0x0000000088200000, 0x0000000088200000|100%| E|CS|TAMS 0x0000000088100000, 0x0000000088100000| Complete 
|  92|0x0000000088200000, 0x0000000088300000, 0x0000000088300000|100%| E|CS|TAMS 0x0000000088200000, 0x0000000088200000| Complete 
|  93|0x0000000088300000, 0x0000000088400000, 0x0000000088400000|100%| E|CS|TAMS 0x0000000088300000, 0x0000000088300000| Complete 
|  94|0x0000000088400000, 0x0000000088500000, 0x0000000088500000|100%| E|CS|TAMS 0x0000000088400000, 0x0000000088400000| Complete 
|  95|0x0000000088500000, 0x0000000088600000, 0x0000000088600000|100%| E|CS|TAMS 0x0000000088500000, 0x0000000088500000| Complete 
|  96|0x0000000088600000, 0x0000000088700000, 0x0000000088700000|100%| E|CS|TAMS 0x0000000088600000, 0x0000000088600000| Complete 
|  97|0x0000000088700000, 0x0000000088800000, 0x0000000088800000|100%| E|CS|TAMS 0x0000000088700000, 0x0000000088700000| Complete 
|  98|0x0000000088800000, 0x0000000088900000, 0x0000000088900000|100%| E|CS|TAMS 0x0000000088800000, 0x0000000088800000| Complete 
|  99|0x0000000088900000, 0x0000000088a00000, 0x0000000088a00000|100%| S|CS|TAMS 0x0000000088900000, 0x0000000088900000| Complete 
| 100|0x0000000088a00000, 0x0000000088b00000, 0x0000000088b00000|100%| S|CS|TAMS 0x0000000088a00000, 0x0000000088a00000| Complete 
| 101|0x0000000088b00000, 0x0000000088c00000, 0x0000000088c00000|100%| S|CS|TAMS 0x0000000088b00000, 0x0000000088b00000| Complete 
| 102|0x0000000088c00000, 0x0000000088d00000, 0x0000000088d00000|100%| E|CS|TAMS 0x0000000088c00000, 0x0000000088c00000| Complete 
| 103|0x0000000088d00000, 0x0000000088e00000, 0x0000000088e00000|100%| E|CS|TAMS 0x0000000088d00000, 0x0000000088d00000| Complete 
| 104|0x0000000088e00000, 0x0000000088f00000, 0x0000000088f00000|100%| E|CS|TAMS 0x0000000088e00000, 0x0000000088e00000| Complete 
| 105|0x0000000088f00000, 0x0000000089000000, 0x0000000089000000|100%| E|CS|TAMS 0x0000000088f00000, 0x0000000088f00000| Complete 
| 106|0x0000000089000000, 0x0000000089100000, 0x0000000089100000|100%| E|CS|TAMS 0x0000000089000000, 0x0000000089000000| Complete 
| 107|0x0000000089100000, 0x0000000089200000, 0x0000000089200000|100%| E|CS|TAMS 0x0000000089100000, 0x0000000089100000| Complete 
| 108|0x0000000089200000, 0x0000000089300000, 0x0000000089300000|100%| E|CS|TAMS 0x0000000089200000, 0x0000000089200000| Complete 
| 109|0x0000000089300000, 0x0000000089400000, 0x0000000089400000|100%| E|CS|TAMS 0x0000000089300000, 0x0000000089300000| Complete 
| 110|0x0000000089400000, 0x0000000089500000, 0x0000000089500000|100%| E|CS|TAMS 0x0000000089400000, 0x0000000089400000| Complete 
| 111|0x0000000089500000, 0x0000000089600000, 0x0000000089600000|100%| E|CS|TAMS 0x0000000089500000, 0x0000000089500000| Complete 
| 112|0x0000000089600000, 0x0000000089700000, 0x0000000089700000|100%| E|CS|TAMS 0x0000000089600000, 0x0000000089600000| Complete 
| 113|0x0000000089700000, 0x0000000089800000, 0x0000000089800000|100%| E|CS|TAMS 0x0000000089700000, 0x0000000089700000| Complete 
| 114|0x0000000089800000, 0x0000000089900000, 0x0000000089900000|100%| E|CS|TAMS 0x0000000089800000, 0x0000000089800000| Complete 
| 115|0x0000000089900000, 0x0000000089a00000, 0x0000000089a00000|100%| E|CS|TAMS 0x0000000089900000, 0x0000000089900000| Complete 
| 116|0x0000000089a00000, 0x0000000089b00000, 0x0000000089b00000|100%| E|CS|TAMS 0x0000000089a00000, 0x0000000089a00000| Complete 
| 117|0x0000000089b00000, 0x0000000089c00000, 0x0000000089c00000|100%| E|CS|TAMS 0x0000000089b00000, 0x0000000089b00000| Complete 
| 118|0x0000000089c00000, 0x0000000089d00000, 0x0000000089d00000|100%| E|CS|TAMS 0x0000000089c00000, 0x0000000089c00000| Complete 
| 119|0x0000000089d00000, 0x0000000089e00000, 0x0000000089e00000|100%| E|CS|TAMS 0x0000000089d00000, 0x0000000089d00000| Complete 
| 120|0x0000000089e00000, 0x0000000089f00000, 0x0000000089f00000|100%| E|CS|TAMS 0x0000000089e00000, 0x0000000089e00000| Complete 
| 121|0x0000000089f00000, 0x000000008a000000, 0x000000008a000000|100%| E|CS|TAMS 0x0000000089f00000, 0x0000000089f00000| Complete 
| 122|0x000000008a000000, 0x000000008a100000, 0x000000008a100000|100%| E|CS|TAMS 0x000000008a000000, 0x000000008a000000| Complete 
| 123|0x000000008a100000, 0x000000008a200000, 0x000000008a200000|100%| E|CS|TAMS 0x000000008a100000, 0x000000008a100000| Complete 
| 124|0x000000008a200000, 0x000000008a300000, 0x000000008a300000|100%| E|CS|TAMS 0x000000008a200000, 0x000000008a200000| Complete 
| 125|0x000000008a300000, 0x000000008a400000, 0x000000008a400000|100%| E|CS|TAMS 0x000000008a300000, 0x000000008a300000| Complete 

Card table byte_map: [0x00000182c66f0000,0x00000182c6ae0000] _byte_map_base: 0x00000182c62dd000

Marking Bits (Prev, Next): (CMBitMap*) 0x00000182aeb11928, (CMBitMap*) 0x00000182aeb11968
 Prev Bits: [0x00000182c6ed0000, 0x00000182c8e38000)
 Next Bits: [0x00000182c8e40000, 0x00000182cada8000)

Polling page: 0x00000182ac990000

Metaspace:

Usage:
  Non-class:     11.82 MB capacity,    10.18 MB ( 86%) used,     1.62 MB ( 14%) free+waste,    14.75 KB ( <1%) overhead. 
      Class:      1.61 MB capacity,     1.39 MB ( 86%) used,   223.79 KB ( 14%) free+waste,     6.75 KB ( <1%) overhead. 
       Both:     13.43 MB capacity,    11.57 MB ( 86%) used,     1.84 MB ( 14%) free+waste,    21.50 KB ( <1%) overhead. 

Virtual space:
  Non-class space:       12.00 MB reserved,      12.00 MB (100%) committed 
      Class space:        1.00 GB reserved,       1.63 MB ( <1%) committed 
             Both:        1.01 GB reserved,      13.63 MB (  1%) committed 

Chunk freelists:
   Non-Class:  59.00 KB
       Class:  12.00 KB
        Both:  71.00 KB

MaxMetaspaceSize: 17179869184.00 GB
CompressedClassSpaceSize: 1.00 GB

CodeHeap 'non-profiled nmethods': size=120000Kb used=774Kb max_used=774Kb free=119225Kb
 bounds [0x00000182beaa0000, 0x00000182bed10000, 0x00000182c5fd0000]
CodeHeap 'profiled nmethods': size=120000Kb used=4443Kb max_used=4443Kb free=115556Kb
 bounds [0x00000182b7570000, 0x00000182b79d0000, 0x00000182beaa0000]
CodeHeap 'non-nmethods': size=5760Kb used=1186Kb max_used=1209Kb free=4573Kb
 bounds [0x00000182b6fd0000, 0x00000182b7240000, 0x00000182b7570000]
 total_blobs=3155 nmethods=2022 adapters=343
 compilation: enabled
              stopped_count=0, restarted_count=0
 full_count=0

Compilation events (20 events):
Event: 8.867 Thread 0x00000182ce15a800 2025       3       org.eclipse.sisu.inject.InjectorBindings::publishWildcardMatches (81 bytes)
Event: 8.867 Thread 0x00000182cd889800 nmethod 2024 0x00000182beb61310 code [0x00000182beb614a0, 0x00000182beb61518]
Event: 8.868 Thread 0x00000182ce15a800 nmethod 2025 0x00000182b79c1890 code [0x00000182b79c1ae0, 0x00000182b79c24e0]
Event: 8.868 Thread 0x00000182ce15a800 2026       3       com.google.inject.internal.InjectorImpl::getProviderOrThrow (28 bytes)
Event: 8.868 Thread 0x00000182ce15a800 nmethod 2026 0x00000182b79c2910 code [0x00000182b79c2b00, 0x00000182b79c30c0]
Event: 8.869 Thread 0x00000182ce15a800 2028       3       com.google.inject.internal.InjectorImpl$2::<init> (20 bytes)
Event: 8.869 Thread 0x00000182ce15a800 nmethod 2028 0x00000182b79c3310 code [0x00000182b79c34c0, 0x00000182b79c37b8]
Event: 8.869 Thread 0x00000182ce15a800 2027   !   3       com.google.inject.internal.InjectorImpl::getProvider (46 bytes)
Event: 8.870 Thread 0x00000182ce15a800 nmethod 2027 0x00000182b79c3890 code [0x00000182b79c3ba0, 0x00000182b79c4cd0]
Event: 8.870 Thread 0x00000182ce15a800 2029       3       java.util.regex.Pattern::next (33 bytes)
Event: 8.871 Thread 0x00000182ce15a800 nmethod 2029 0x00000182b79c5490 code [0x00000182b79c5660, 0x00000182b79c5950]
Event: 8.871 Thread 0x00000182ce15a800 2030       3       java.lang.invoke.DirectMethodHandle::internalMemberName (8 bytes)
Event: 8.871 Thread 0x00000182ce15a800 nmethod 2030 0x00000182b79c5a90 code [0x00000182b79c5c40, 0x00000182b79c5e98]
Event: 8.872 Thread 0x00000182ce15a800 2031       3       java.util.ArrayList::addAll (76 bytes)
Event: 8.872 Thread 0x00000182ce15a800 nmethod 2031 0x00000182b79c5f90 code [0x00000182b79c6160, 0x00000182b79c6670]
Event: 8.872 Thread 0x00000182ce15a800 2032       1       com.google.common.collect.LinkedHashMultimap$ValueEntry::getSuccessorInValueSet (5 bytes)
Event: 8.873 Thread 0x00000182ce15a800 nmethod 2032 0x00000182beb61610 code [0x00000182beb617a0, 0x00000182beb618d8]
Event: 8.878 Thread 0x00000182ce15a800 2033       3       org.eclipse.sisu.plexus.DefaultPlexusBeans$Itr::hasNext (10 bytes)
Event: 8.878 Thread 0x00000182ce15a800 nmethod 2033 0x00000182b79c6810 code [0x00000182b79c69c0, 0x00000182b79c6c10]
Event: 8.891 Thread 0x00000182cd889800 2034       4       java.util.jar.JarFile::maybeInstantiateVerifier (116 bytes)

GC Heap History (2 events):
Event: 3.939 GC heap before
{Heap before GC invocations=0 (full 0):
 garbage-first heap   total 129024K, used 23552K [0x0000000082600000, 0x0000000100000000)
  region size 1024K, 24 young (24576K), 0 survivors (0K)
 Metaspace       used 4829K, capacity 7689K, committed 7808K, reserved 1056768K
  class space    used 600K, capacity 884K, committed 896K, reserved 1048576K
}
Event: 4.349 GC heap after
{Heap after GC invocations=1 (full 0):
 garbage-first heap   total 129024K, used 3587K [0x0000000082600000, 0x0000000100000000)
  region size 1024K, 3 young (3072K), 3 survivors (3072K)
 Metaspace       used 4829K, capacity 7689K, committed 7808K, reserved 1056768K
  class space    used 600K, capacity 884K, committed 896K, reserved 1048576K
}

Deoptimization events (20 events):
Event: 7.576 Thread 0x00000182aeace000 Uncommon trap: trap_request=0xffffffc6 fr.pc=0x00000182beb3991c relative=0x000000000000087c
Event: 7.576 Thread 0x00000182aeace000 Uncommon trap: reason=bimorphic_or_optimized_type_check action=maybe_recompile pc=0x00000182beb3991c method=java.util.HashMap.putVal(ILjava/lang/Object;Ljava/lang/Object;ZZ)Ljava/lang/Object; @ 203 c2
Event: 7.576 Thread 0x00000182aeace000 DEOPT PACKING pc=0x00000182beb3991c sp=0x0000004efb5f9df0
Event: 7.576 Thread 0x00000182aeace000 DEOPT UNPACKING pc=0x00000182b701912f sp=0x0000004efb5f9d10 mode 2
Event: 7.884 Thread 0x00000182aeace000 Uncommon trap: trap_request=0xffffff45 fr.pc=0x00000182beafb344 relative=0x0000000000000324
Event: 7.884 Thread 0x00000182aeace000 Uncommon trap: reason=unstable_if action=reinterpret pc=0x00000182beafb344 method=java.lang.String.<init>([CIILjava/lang/Void;)V @ 5 c2
Event: 7.884 Thread 0x00000182aeace000 DEOPT PACKING pc=0x00000182beafb344 sp=0x0000004efb5f35a0
Event: 7.884 Thread 0x00000182aeace000 DEOPT UNPACKING pc=0x00000182b701912f sp=0x0000004efb5f3560 mode 2
Event: 7.893 Thread 0x00000182aeace000 Uncommon trap: trap_request=0xffffff45 fr.pc=0x00000182beae5964 relative=0x00000000000001c4
Event: 7.893 Thread 0x00000182aeace000 Uncommon trap: reason=unstable_if action=reinterpret pc=0x00000182beae5964 method=java.lang.String.startsWith(Ljava/lang/String;I)Z @ 1 c2
Event: 7.893 Thread 0x00000182aeace000 DEOPT PACKING pc=0x00000182beae5964 sp=0x0000004efb5f35b0
Event: 7.893 Thread 0x00000182aeace000 DEOPT UNPACKING pc=0x00000182b701912f sp=0x0000004efb5f3518 mode 2
Event: 8.374 Thread 0x00000182aeace000 Uncommon trap: trap_request=0xffffff45 fr.pc=0x00000182beb014b4 relative=0x0000000000002414
Event: 8.374 Thread 0x00000182aeace000 Uncommon trap: reason=unstable_if action=reinterpret pc=0x00000182beb014b4 method=org.codehaus.plexus.util.xml.pull.MXParser.parseStartTag()I @ 443 c2
Event: 8.374 Thread 0x00000182aeace000 DEOPT PACKING pc=0x00000182beb014b4 sp=0x0000004efb5fdce0
Event: 8.374 Thread 0x00000182aeace000 DEOPT UNPACKING pc=0x00000182b701912f sp=0x0000004efb5fdc80 mode 2
Event: 8.842 Thread 0x00000182aeace000 Uncommon trap: trap_request=0xffffff45 fr.pc=0x00000182beb247e8 relative=0x00000000000005a8
Event: 8.842 Thread 0x00000182aeace000 Uncommon trap: reason=unstable_if action=reinterpret pc=0x00000182beb247e8 method=java.lang.String.replace(CC)Ljava/lang/String; @ 2 c2
Event: 8.842 Thread 0x00000182aeace000 DEOPT PACKING pc=0x00000182beb247e8 sp=0x0000004efb5fd320
Event: 8.842 Thread 0x00000182aeace000 DEOPT UNPACKING pc=0x00000182b701912f sp=0x0000004efb5fd2d0 mode 2

Classes unloaded (0 events):
No events

Classes redefined (0 events):
No events

Internal exceptions (4 events):
Event: 1.916 Thread 0x00000182aeace000 Exception <a 'java/lang/NoSuchMethodError'{0x0000000089eba0d8}: 'int java.lang.invoke.DirectMethodHandle$Holder.invokeSpecialIFC(java.lang.Object, java.lang.Object, int)'> (0x0000000089eba0d8) 
thrown [t:/workspace/open/src/hotspot/share/interpreter/linkResolver.cpp, line 767]
Event: 7.511 Thread 0x00000182aeace000 Exception <a 'java/lang/NoClassDefFoundError'{0x00000000883df668}: com/google/inject/servlet/ServletModuleTargetVisitor> (0x00000000883df668) 
thrown [t:/workspace/open/src/hotspot/share/classfile/systemDictionary.cpp, line 221]
Event: 7.512 Thread 0x00000182aeace000 Exception <a 'java/lang/NoClassDefFoundError'{0x00000000883e2180}: javax/annotation/Priority> (0x00000000883e2180) 
thrown [t:/workspace/open/src/hotspot/share/classfile/systemDictionary.cpp, line 221]
Event: 7.910 Thread 0x00000182aeace000 Exception <a 'java/lang/NoSuchMethodError'{0x0000000087feee08}: 'java.lang.Object java.lang.invoke.DirectMethodHandle$Holder.invokeStaticInit(java.lang.Object, int, int, int, int)'> (0x0000000087feee08) 
thrown [t:/workspace/open/src/hotspot/share/interpreter/linkResolver.cpp, line 767]

Events (20 events):
Event: 8.866 loading class org/apache/maven/artifact/handler/DefaultArtifactHandler
Event: 8.866 loading class org/apache/maven/artifact/handler/DefaultArtifactHandler done
Event: 8.866 loading class org/apache/maven/artifact/handler/DefaultArtifactHandler
Event: 8.866 loading class org/apache/maven/artifact/handler/DefaultArtifactHandler done
Event: 8.868 loading class org/apache/maven/artifact/DefaultArtifact
Event: 8.868 loading class org/apache/maven/artifact/DefaultArtifact done
Event: 8.869 loading class org/apache/maven/artifact/InvalidArtifactRTException
Event: 8.869 loading class org/apache/maven/artifact/InvalidArtifactRTException done
Event: 8.871 loading class org/apache/maven/artifact/versioning/Restriction
Event: 8.871 loading class org/apache/maven/artifact/versioning/Restriction done
Event: 8.878 loading class org/apache/maven/project/DefaultProjectBuildingResult
Event: 8.878 loading class org/apache/maven/project/DefaultProjectBuildingResult done
Event: 8.882 loading class org/apache/maven/artifact/ArtifactUtils
Event: 8.882 loading class org/apache/maven/artifact/ArtifactUtils done
Event: 8.884 loading class org/apache/commons/lang3/StringUtils
Event: 8.884 loading class org/apache/commons/lang3/StringUtils done
Event: 8.889 loading class org/apache/maven/graph/DefaultProjectDependencyGraph
Event: 8.889 loading class org/apache/maven/graph/DefaultProjectDependencyGraph done
Event: 8.891 loading class org/apache/maven/project/ProjectSorter
Event: 8.891 loading class org/apache/maven/project/ProjectSorter done


Dynamic libraries:
0x00007ff73cf90000 - 0x00007ff73cf9f000 	D:\Program Files\Java\jdk-13\bin\java.exe
0x00007fffdf620000 - 0x00007fffdf810000 	C:\windows\SYSTEM32\ntdll.dll
0x00007fffddfe0000 - 0x00007fffde092000 	C:\windows\System32\KERNEL32.DLL
0x00007fffdc5b0000 - 0x00007fffdc855000 	C:\windows\System32\KERNELBASE.dll
0x00007fffdcda0000 - 0x00007fffdce9a000 	C:\windows\System32\ucrtbase.dll
0x00007fffc8440000 - 0x00007fffc8458000 	D:\Program Files\Java\jdk-13\bin\jli.dll
0x00007fffde820000 - 0x00007fffde8c3000 	C:\windows\System32\ADVAPI32.dll
0x00007fffdeb60000 - 0x00007fffdebfe000 	C:\windows\System32\msvcrt.dll
0x00007fffdf4e0000 - 0x00007fffdf577000 	C:\windows\System32\sechost.dll
0x00007fffde180000 - 0x00007fffde2a0000 	C:\windows\System32\RPCRT4.dll
0x00007fffde370000 - 0x00007fffde505000 	C:\windows\System32\USER32.dll
0x00007fffdcd70000 - 0x00007fffdcd91000 	C:\windows\System32\win32u.dll
0x00007fffdf4b0000 - 0x00007fffdf4d6000 	C:\windows\System32\GDI32.dll
0x00007fffdc9d0000 - 0x00007fffdcb66000 	C:\windows\System32\gdi32full.dll
0x00007fffdc860000 - 0x00007fffdc8fe000 	C:\windows\System32\msvcp_win.dll
0x00007fffc8420000 - 0x00007fffc8435000 	D:\Program Files\Java\jdk-13\bin\VCRUNTIME140.dll
0x00007fffc5ca0000 - 0x00007fffc5f24000 	C:\windows\WinSxS\amd64_microsoft.windows.common-controls_6595b64144ccf1df_6.0.18362.1082_none_9e8193e1e45b25c1\COMCTL32.dll
0x00007fffdd800000 - 0x00007fffddb35000 	C:\windows\System32\combase.dll
0x00007fffdc930000 - 0x00007fffdc9b0000 	C:\windows\System32\bcryptPrimitives.dll
0x00007fffd1830000 - 0x00007fffd183a000 	C:\windows\SYSTEM32\VERSION.dll
0x00007fffddb40000 - 0x00007fffddb6e000 	C:\windows\System32\IMM32.DLL
0x00007fffb7680000 - 0x00007fffb771b000 	D:\Program Files\Java\jdk-13\bin\msvcp140.dll
0x00007fff816f0000 - 0x00007fff82256000 	D:\Program Files\Java\jdk-13\bin\server\jvm.dll
0x00007fffde580000 - 0x00007fffde588000 	C:\windows\System32\PSAPI.DLL
0x00007fffd45e0000 - 0x00007fffd45e9000 	C:\windows\SYSTEM32\WSOCK32.dll
0x00007fffde0a0000 - 0x00007fffde10f000 	C:\windows\System32\WS2_32.dll
0x00007fffd08e0000 - 0x00007fffd0904000 	C:\windows\SYSTEM32\WINMM.dll
0x00007fffd08b0000 - 0x00007fffd08dd000 	C:\windows\SYSTEM32\WINMMBASE.dll
0x00007fffdcbd0000 - 0x00007fffdcc1a000 	C:\windows\System32\cfgmgr32.dll
0x00007fffdc4f0000 - 0x00007fffdc501000 	C:\windows\System32\kernel.appcore.dll
0x00007fffd29d0000 - 0x00007fffd29e0000 	D:\Program Files\Java\jdk-13\bin\verify.dll
0x00007fffda5a0000 - 0x00007fffda794000 	C:\windows\SYSTEM32\DBGHELP.DLL
0x00007fffc2fb0000 - 0x00007fffc2fda000 	C:\windows\SYSTEM32\dbgcore.DLL
0x00007fffc6370000 - 0x00007fffc6396000 	D:\Program Files\Java\jdk-13\bin\java.dll
0x00007fffc6350000 - 0x00007fffc6367000 	D:\Program Files\Java\jdk-13\bin\zip.dll
0x00007fffd2860000 - 0x00007fffd286a000 	D:\Program Files\Java\jdk-13\bin\jimage.dll
0x00007fffdec10000 - 0x00007fffdf2f7000 	C:\windows\System32\SHELL32.dll
0x00007fffdd6d0000 - 0x00007fffdd779000 	C:\windows\System32\shcore.dll
0x00007fffdcea0000 - 0x00007fffdd620000 	C:\windows\System32\windows.storage.dll
0x00007fffdc560000 - 0x00007fffdc583000 	C:\windows\System32\profapi.dll
0x00007fffdc510000 - 0x00007fffdc55a000 	C:\windows\System32\powrprof.dll
0x00007fffdc4e0000 - 0x00007fffdc4f0000 	C:\windows\System32\UMPDC.dll
0x00007fffde510000 - 0x00007fffde562000 	C:\windows\System32\shlwapi.dll
0x00007fffdc9b0000 - 0x00007fffdc9c7000 	C:\windows\System32\cryptsp.dll
0x00007fffc6330000 - 0x00007fffc6349000 	D:\program files\Java\jdk-13\bin\net.dll
0x00007fffd63b0000 - 0x00007fffd64a0000 	C:\windows\SYSTEM32\WINHTTP.dll
0x00007fffc6bb0000 - 0x00007fffc6d86000 	C:\windows\SYSTEM32\urlmon.dll
0x00007fffc47a0000 - 0x00007fffc4a46000 	C:\windows\SYSTEM32\iertutil.dll
0x00007fffdbf00000 - 0x00007fffdbf0c000 	C:\windows\SYSTEM32\CRYPTBASE.DLL
0x00007fffdbd30000 - 0x00007fffdbd97000 	C:\windows\system32\mswsock.dll
0x00007fffc6310000 - 0x00007fffc6323000 	D:\program files\Java\jdk-13\bin\nio.dll

dbghelp: loaded successfully - version: 4.0.5 - missing functions: none
symbol engine: initialized successfully - sym options: 0x614 - pdb path: .;D:\Program Files\Java\jdk-13\bin;C:\windows\SYSTEM32;C:\windows\WinSxS\amd64_microsoft.windows.common-controls_6595b64144ccf1df_6.0.18362.1082_none_9e8193e1e45b25c1;D:\Program Files\Java\jdk-13\bin\server

VM Arguments:
jvm_args: -Dmaven.multiModuleProjectDirectory=E:\idea space\maven -DarchetypeCatalog=internal -Dfile.encoding=gb2312 -Dmaven.home=D:\program files\apache-maven-3.3.9 -Dclassworlds.conf=D:\program files\apache-maven-3.3.9\bin\m2.conf -Dmaven.ext.class.path=D:\program files\IntelliJ IDEA 2020.1\plugins\maven\lib\maven-event-listener.jar 
java_command: org.codehaus.classworlds.Launcher -Didea.version2020.1 -s D:\program files\apache-maven-3.3.9\conf\settings.xml clean install --non-recursive
java_class_path (initial): D:\program files\apache-maven-3.3.9\boot\plexus-classworlds-2.5.2.jar
Launcher Type: SUN_STANDARD

[Global flags]
     intx CICompilerCount                          = 4                                         {product} {ergonomic}
     uint ConcGCThreads                            = 2                                         {product} {ergonomic}
     uint G1ConcRefinementThreads                  = 8                                         {product} {ergonomic}
   size_t G1HeapRegionSize                         = 1048576                                   {product} {ergonomic}
    uintx GCDrainStackTargetSize                   = 64                                        {product} {ergonomic}
   size_t InitialHeapSize                          = 132120576                                 {product} {ergonomic}
   size_t MarkStackSize                            = 4194304                                   {product} {ergonomic}
   size_t MaxHeapSize                              = 2107637760                                {product} {ergonomic}
   size_t MaxNewSize                               = 1264582656                                {product} {ergonomic}
   size_t MinHeapDeltaBytes                        = 1048576                                   {product} {ergonomic}
   size_t MinHeapSize                              = 8388608                                   {product} {ergonomic}
    uintx NonNMethodCodeHeapSize                   = 5836300                                {pd product} {ergonomic}
    uintx NonProfiledCodeHeapSize                  = 122910970                              {pd product} {ergonomic}
    uintx ProfiledCodeHeapSize                     = 122910970                              {pd product} {ergonomic}
    uintx ReservedCodeCacheSize                    = 251658240                              {pd product} {ergonomic}
     bool SegmentedCodeCache                       = true                                      {product} {ergonomic}
   size_t SoftMaxHeapSize                          = 2107637760                             {manageable} {ergonomic}
     bool UseCompressedClassPointers               = true                                 {lp64_product} {ergonomic}
     bool UseCompressedOops                        = true                                 {lp64_product} {ergonomic}
     bool UseG1GC                                  = true                                      {product} {ergonomic}
     bool UseLargePagesIndividualAllocation        = false                                  {pd product} {ergonomic}

Logging:
Log output configuration:
 #0: stdout all=warning uptime,level,tags
 #1: stderr all=off uptime,level,tags

Environment Variables:
JAVA_HOME=D:\program files\Java\jdk-13
CLASSPATH=.;D:\program files\apache-maven-3.3.9\mysql-connector-java-8.0.20.jar
PATH=D:\program files\perl\site\bin;D:\program files\perl\bin;C:\Program Files\Microsoft MPI\Bin\;C:\windows;C:\windows\system32;C:\windows\System32\Wbem;C:\windows\System32\WindowsPowerShell\v1.0\;C:\windows\System32\OpenSSH\;C:\Program Files (x86)\NVIDIA Corporation\PhysX\Common;C:\Program Files\NVIDIA Corporation\NVIDIA NvDLISR;C:\Program Files\Intel\WiFi\bin\;C:\Program Files\Common Files\Intel\WirelessCommon\;D:\program files\mysql-8.0.17-winx64\bin;D:\program files\Java\jdk-13\bin;D:\program files\Java\jdk-13\jre\bin;D:\program files\texlive\2019\bin\win32;C:\Program Files\Microsoft SQL Server\130\Tools\Binn\;C:\Program Files\Microsoft SQL Server\Client SDK\ODBC\170\Tools\Binn\;D:\program files\CodeBlocks\MinGW\bin;D:\program files\apache-maven-3.3.9\bin;C:\Program Files\dotnet\;D:\program files\Git\cmd;D:\program files\python\Scripts\;D:\program files\python\;C:\Users\huige\AppData\Local\Microsoft\WindowsApps;D:\program files\Bandzip\;E:\python workspace\venv\Lib\site-packages\;D:\program files\PyCharm Community Edition 2019.2.4\bin;;D:\program files\PyCharm 2019.2.4\bin;;D:\program files\CodeBlocks\MinGW\bin;C:\Users\huige\AppData\Local\Pandoc\;D:\program files\Microsoft VS Code\bin;D:\program files\IntelliJ IDEA 2020.1\bin;;C:\Users\huige\.dotnet\tools
USERNAME=huige
OS=Windows_NT
PROCESSOR_IDENTIFIER=Intel64 Family 6 Model 142 Stepping 11, GenuineIntel



---------------  S Y S T E M  ---------------

OS: Windows 10 , 64 bit Build 18362 (10.0.18362.1082)

CPU:total 8 (initial active 8) (4 cores per cpu, 2 threads per core) family 6 model 142 stepping 11, cmov, cx8, fxsr, mmx, sse, sse2, sse3, ssse3, sse4.1, sse4.2, popcnt, avx, avx2, aes, clmul, erms, 3dnowpref, lzcnt, ht, tsc, tscinvbit, bmi1, bmi2, adx, fma

Memory: 4k page, system-wide physical 8037M (69M free)
TotalPageFile size 21349M (AvailPageFile size 4M)
current process WorkingSet (physical memory assigned to process): 108M, peak: 108M
current process commit charge ("private bytes"): 237M, peak: 237M

vm_info: Java HotSpot(TM) 64-Bit Server VM (13+33) for windows-amd64 JRE (13+33), built on Sep 18 2019 21:38:00 by "mach5one" with unknown MS VC++:1916

END.
