#
# There is insufficient memory for the Java Runtime Environment to continue.
# Native memory allocation (malloc) failed to allocate 32784 bytes for Chunk::new
# Possible reasons:
#   The system is out of physical RAM or swap space
#   The process is running with CompressedOops enabled, and the Java Heap may be blocking the growth of the native heap
# Possible solutions:
#   Reduce memory load on the system
#   Increase physical memory or swap space
#   Check if swap backing store is full
#   Decrease Java heap size (-Xmx/-Xms)
#   Decrease number of Java threads
#   Decrease Java thread stack sizes (-Xss)
#   Set larger code cache with -XX:ReservedCodeCacheSize=
#   JVM is running with Unscaled Compressed Oops mode in which the Java heap is
#     placed in the first 4GB address space. The Java Heap base address is the
#     maximum limit for the native heap growth. Please use -XX:HeapBaseMinAddress
#     to set the Java Heap base and to place the Java Heap above 4GB virtual address.
# This output file may be truncated or incomplete.
#
#  Out of Memory Error (t:/workspace/open/src/hotspot/share/memory/arena.cpp:196), pid=24820, tid=10776
#
# JRE version: Java(TM) SE Runtime Environment (13.0+33) (build 13+33)
# Java VM: Java HotSpot(TM) 64-Bit Server VM (13+33, mixed mode, sharing, tiered, compressed oops, g1 gc, windows-amd64)
# No core dump will be written. Minidumps are not enabled by default on client versions of Windows
#

---------------  S U M M A R Y ------------

Command Line: -Dmaven.multiModuleProjectDirectory=E:\idea space\ch14_spring_transaction -DarchetypeCatalog=internal -Dfile.encoding=gb2312 -Dmaven.home=D:\program files\apache-maven-3.3.9 -Dclassworlds.conf=D:\program files\apache-maven-3.3.9\bin\m2.conf -Dmaven.ext.class.path=D:\program files\IntelliJ IDEA 2020.1\plugins\maven\lib\maven-event-listener.jar org.codehaus.classworlds.Launcher -Didea.version2020.1 -s D:\program files\apache-maven-3.3.9\conf\settings.xml clean install --non-recursive

Host: Intel(R) Core(TM) i5-8265U CPU @ 1.60GHz, 8 cores, 7G,  Windows 10 , 64 bit Build 18362 (10.0.18362.1082)
Time: Sun Sep 27 14:59:42 2020 ?D1¨²¡À¨º¡Á?¨º¡À?? elapsed time: 9 seconds (0d 0h 0m 9s)

---------------  T H R E A D  ---------------

Current thread (0x0000020baf976000):  JavaThread "C2 CompilerThread0" daemon [_thread_in_native, id=10776, stack(0x000000bfd3e00000,0x000000bfd3f00000)]


Current CompileTask:
C2:   9136 2026   !   4       sun.nio.cs.StreamDecoder::read (196 bytes)

Stack: [0x000000bfd3e00000,0x000000bfd3f00000]
Native frames: (J=compiled Java code, j=interpreted, Vv=VM code, C=native code)
V  [jvm.dll+0x626eaa]
V  [jvm.dll+0x772c4a]
V  [jvm.dll+0x7743ff]
V  [jvm.dll+0x774a03]
V  [jvm.dll+0x24da38]
V  [jvm.dll+0xc3ae7]
V  [jvm.dll+0xc406c]
V  [jvm.dll+0xc3bcd]
V  [jvm.dll+0x6094bf]
V  [jvm.dll+0x5be028]
V  [jvm.dll+0x207767]
V  [jvm.dll+0x206adf]
V  [jvm.dll+0x18b94c]
V  [jvm.dll+0x2159bd]
V  [jvm.dll+0x213e6b]
V  [jvm.dll+0x738af6]
V  [jvm.dll+0x731bea]
V  [jvm.dll+0x6260a6]
C  [ucrtbase.dll+0x20e82]
C  [KERNEL32.DLL+0x17bd4]
C  [ntdll.dll+0x6ce51]


---------------  P R O C E S S  ---------------

Threads class SMR info:
_java_thread_list=0x0000020bb0293ad0, length=10, elements={
0x0000020b90baf800, 0x0000020baf94b000, 0x0000020baf94e800, 0x0000020baf973800,
0x0000020baf974800, 0x0000020baf976000, 0x0000020bb01e3000, 0x0000020bb01e6000,
0x0000020bb02a4800, 0x0000020bb02aa800
}

Java Threads: ( => current thread )
  0x0000020b90baf800 JavaThread "main" [_thread_in_native, id=25308, stack(0x000000bfd3300000,0x000000bfd3400000)]
  0x0000020baf94b000 JavaThread "Reference Handler" daemon [_thread_blocked, id=20636, stack(0x000000bfd3a00000,0x000000bfd3b00000)]
  0x0000020baf94e800 JavaThread "Finalizer" daemon [_thread_blocked, id=20644, stack(0x000000bfd3b00000,0x000000bfd3c00000)]
  0x0000020baf973800 JavaThread "Signal Dispatcher" daemon [_thread_blocked, id=22752, stack(0x000000bfd3c00000,0x000000bfd3d00000)]
  0x0000020baf974800 JavaThread "Attach Listener" daemon [_thread_blocked, id=25524, stack(0x000000bfd3d00000,0x000000bfd3e00000)]
=>0x0000020baf976000 JavaThread "C2 CompilerThread0" daemon [_thread_in_native, id=10776, stack(0x000000bfd3e00000,0x000000bfd3f00000)]
  0x0000020bb01e3000 JavaThread "C1 CompilerThread0" daemon [_thread_blocked, id=20308, stack(0x000000bfd3f00000,0x000000bfd4000000)]
  0x0000020bb01e6000 JavaThread "Sweeper thread" daemon [_thread_blocked, id=25572, stack(0x000000bfd4000000,0x000000bfd4100000)]
  0x0000020bb02a4800 JavaThread "Service Thread" daemon [_thread_blocked, id=22100, stack(0x000000bfd4100000,0x000000bfd4200000)]
  0x0000020bb02aa800 JavaThread "Common-Cleaner" daemon [_thread_blocked, id=16192, stack(0x000000bfd4300000,0x000000bfd4400000)]

Other Threads:
  0x0000020baf947000 VMThread "VM Thread" [stack: 0x000000bfd3900000,0x000000bfd3a00000] [id=11428]
  0x0000020bb02a9000 WatcherThread [stack: 0x000000bfd4200000,0x000000bfd4300000] [id=20556]
  0x0000020b90bf2000 GCTaskThread "GC Thread#0" [stack: 0x000000bfd3400000,0x000000bfd3500000] [id=18160]
  0x0000020bb9192000 GCTaskThread "GC Thread#1" [stack: 0x000000bfd4400000,0x000000bfd4500000] [id=12572]
  0x0000020bb8e3a000 GCTaskThread "GC Thread#2" [stack: 0x000000bfd4500000,0x000000bfd4600000] [id=11320]
  0x0000020b90c03000 ConcurrentGCThread "G1 Main Marker" [stack: 0x000000bfd3500000,0x000000bfd3600000] [id=16316]
  0x0000020b90c04800 ConcurrentGCThread "G1 Conc#0" [stack: 0x000000bfd3600000,0x000000bfd3700000] [id=21948]
  0x0000020baf7c6800 ConcurrentGCThread "G1 Refine#0" [stack: 0x000000bfd3700000,0x000000bfd3800000] [id=13808]
  0x0000020b90c7c800 ConcurrentGCThread "G1 Young RemSet Sampling" [stack: 0x000000bfd3800000,0x000000bfd3900000] [id=24924]

Threads with active compile tasks:
C2 CompilerThread0     9179 2026   !   4       sun.nio.cs.StreamDecoder::read (196 bytes)

VM state:not at safepoint (normal execution)

VM Mutex/Monitor currently owned by a thread: None

Heap address: 0x0000000082600000, size: 2010 MB, Compressed Oops mode: 32-bit
Narrow klass base: 0x0000000800000000, Narrow klass shift: 3
Compressed class space size: 1073741824 Address: 0x0000000800b40000

Heap:
 garbage-first heap   total 129024K, used 44547K [0x0000000082600000, 0x0000000100000000)
  region size 1024K, 44 young (45056K), 3 survivors (3072K)
 Metaspace       used 12086K, capacity 13982K, committed 14336K, reserved 1067008K
  class space    used 1448K, capacity 1684K, committed 1792K, reserved 1048576K
Heap Regions: E=young(eden), S=young(survivor), O=old, HS=humongous(starts), HC=humongous(continues), CS=collection set, F=free, A=archive, TAMS=top-at-mark-start (previous, next)
|   0|0x0000000082600000, 0x0000000082680e00, 0x0000000082700000| 50%| O|  |TAMS 0x0000000082600000, 0x0000000082600000| Untracked 
|   1|0x0000000082700000, 0x0000000082700000, 0x0000000082800000|  0%| F|  |TAMS 0x0000000082700000, 0x0000000082700000| Untracked 
|   2|0x0000000082800000, 0x0000000082800000, 0x0000000082900000|  0%| F|  |TAMS 0x0000000082800000, 0x0000000082800000| Untracked 
|   3|0x0000000082900000, 0x0000000082900000, 0x0000000082a00000|  0%| F|  |TAMS 0x0000000082900000, 0x0000000082900000| Untracked 
|   4|0x0000000082a00000, 0x0000000082a00000, 0x0000000082b00000|  0%| F|  |TAMS 0x0000000082a00000, 0x0000000082a00000| Untracked 
|   5|0x0000000082b00000, 0x0000000082b00000, 0x0000000082c00000|  0%| F|  |TAMS 0x0000000082b00000, 0x0000000082b00000| Untracked 
|   6|0x0000000082c00000, 0x0000000082c00000, 0x0000000082d00000|  0%| F|  |TAMS 0x0000000082c00000, 0x0000000082c00000| Untracked 
|   7|0x0000000082d00000, 0x0000000082d00000, 0x0000000082e00000|  0%| F|  |TAMS 0x0000000082d00000, 0x0000000082d00000| Untracked 
|   8|0x0000000082e00000, 0x0000000082e00000, 0x0000000082f00000|  0%| F|  |TAMS 0x0000000082e00000, 0x0000000082e00000| Untracked 
|   9|0x0000000082f00000, 0x0000000082f00000, 0x0000000083000000|  0%| F|  |TAMS 0x0000000082f00000, 0x0000000082f00000| Untracked 
|  10|0x0000000083000000, 0x0000000083000000, 0x0000000083100000|  0%| F|  |TAMS 0x0000000083000000, 0x0000000083000000| Untracked 
|  11|0x0000000083100000, 0x0000000083100000, 0x0000000083200000|  0%| F|  |TAMS 0x0000000083100000, 0x0000000083100000| Untracked 
|  12|0x0000000083200000, 0x0000000083200000, 0x0000000083300000|  0%| F|  |TAMS 0x0000000083200000, 0x0000000083200000| Untracked 
|  13|0x0000000083300000, 0x0000000083300000, 0x0000000083400000|  0%| F|  |TAMS 0x0000000083300000, 0x0000000083300000| Untracked 
|  14|0x0000000083400000, 0x0000000083400000, 0x0000000083500000|  0%| F|  |TAMS 0x0000000083400000, 0x0000000083400000| Untracked 
|  15|0x0000000083500000, 0x0000000083500000, 0x0000000083600000|  0%| F|  |TAMS 0x0000000083500000, 0x0000000083500000| Untracked 
|  16|0x0000000083600000, 0x0000000083600000, 0x0000000083700000|  0%| F|  |TAMS 0x0000000083600000, 0x0000000083600000| Untracked 
|  17|0x0000000083700000, 0x0000000083700000, 0x0000000083800000|  0%| F|  |TAMS 0x0000000083700000, 0x0000000083700000| Untracked 
|  18|0x0000000083800000, 0x0000000083800000, 0x0000000083900000|  0%| F|  |TAMS 0x0000000083800000, 0x0000000083800000| Untracked 
|  19|0x0000000083900000, 0x0000000083900000, 0x0000000083a00000|  0%| F|  |TAMS 0x0000000083900000, 0x0000000083900000| Untracked 
|  20|0x0000000083a00000, 0x0000000083a00000, 0x0000000083b00000|  0%| F|  |TAMS 0x0000000083a00000, 0x0000000083a00000| Untracked 
|  21|0x0000000083b00000, 0x0000000083b00000, 0x0000000083c00000|  0%| F|  |TAMS 0x0000000083b00000, 0x0000000083b00000| Untracked 
|  22|0x0000000083c00000, 0x0000000083c00000, 0x0000000083d00000|  0%| F|  |TAMS 0x0000000083c00000, 0x0000000083c00000| Untracked 
|  23|0x0000000083d00000, 0x0000000083d00000, 0x0000000083e00000|  0%| F|  |TAMS 0x0000000083d00000, 0x0000000083d00000| Untracked 
|  24|0x0000000083e00000, 0x0000000083e00000, 0x0000000083f00000|  0%| F|  |TAMS 0x0000000083e00000, 0x0000000083e00000| Untracked 
|  25|0x0000000083f00000, 0x0000000083f00000, 0x0000000084000000|  0%| F|  |TAMS 0x0000000083f00000, 0x0000000083f00000| Untracked 
|  26|0x0000000084000000, 0x0000000084000000, 0x0000000084100000|  0%| F|  |TAMS 0x0000000084000000, 0x0000000084000000| Untracked 
|  27|0x0000000084100000, 0x0000000084100000, 0x0000000084200000|  0%| F|  |TAMS 0x0000000084100000, 0x0000000084100000| Untracked 
|  28|0x0000000084200000, 0x0000000084200000, 0x0000000084300000|  0%| F|  |TAMS 0x0000000084200000, 0x0000000084200000| Untracked 
|  29|0x0000000084300000, 0x0000000084300000, 0x0000000084400000|  0%| F|  |TAMS 0x0000000084300000, 0x0000000084300000| Untracked 
|  30|0x0000000084400000, 0x0000000084400000, 0x0000000084500000|  0%| F|  |TAMS 0x0000000084400000, 0x0000000084400000| Untracked 
|  31|0x0000000084500000, 0x0000000084500000, 0x0000000084600000|  0%| F|  |TAMS 0x0000000084500000, 0x0000000084500000| Untracked 
|  32|0x0000000084600000, 0x0000000084600000, 0x0000000084700000|  0%| F|  |TAMS 0x0000000084600000, 0x0000000084600000| Untracked 
|  33|0x0000000084700000, 0x0000000084700000, 0x0000000084800000|  0%| F|  |TAMS 0x0000000084700000, 0x0000000084700000| Untracked 
|  34|0x0000000084800000, 0x0000000084800000, 0x0000000084900000|  0%| F|  |TAMS 0x0000000084800000, 0x0000000084800000| Untracked 
|  35|0x0000000084900000, 0x0000000084900000, 0x0000000084a00000|  0%| F|  |TAMS 0x0000000084900000, 0x0000000084900000| Untracked 
|  36|0x0000000084a00000, 0x0000000084a00000, 0x0000000084b00000|  0%| F|  |TAMS 0x0000000084a00000, 0x0000000084a00000| Untracked 
|  37|0x0000000084b00000, 0x0000000084b00000, 0x0000000084c00000|  0%| F|  |TAMS 0x0000000084b00000, 0x0000000084b00000| Untracked 
|  38|0x0000000084c00000, 0x0000000084c00000, 0x0000000084d00000|  0%| F|  |TAMS 0x0000000084c00000, 0x0000000084c00000| Untracked 
|  39|0x0000000084d00000, 0x0000000084d00000, 0x0000000084e00000|  0%| F|  |TAMS 0x0000000084d00000, 0x0000000084d00000| Untracked 
|  40|0x0000000084e00000, 0x0000000084e00000, 0x0000000084f00000|  0%| F|  |TAMS 0x0000000084e00000, 0x0000000084e00000| Untracked 
|  41|0x0000000084f00000, 0x0000000084f00000, 0x0000000085000000|  0%| F|  |TAMS 0x0000000084f00000, 0x0000000084f00000| Untracked 
|  42|0x0000000085000000, 0x0000000085000000, 0x0000000085100000|  0%| F|  |TAMS 0x0000000085000000, 0x0000000085000000| Untracked 
|  43|0x0000000085100000, 0x0000000085100000, 0x0000000085200000|  0%| F|  |TAMS 0x0000000085100000, 0x0000000085100000| Untracked 
|  44|0x0000000085200000, 0x0000000085200000, 0x0000000085300000|  0%| F|  |TAMS 0x0000000085200000, 0x0000000085200000| Untracked 
|  45|0x0000000085300000, 0x0000000085300000, 0x0000000085400000|  0%| F|  |TAMS 0x0000000085300000, 0x0000000085300000| Untracked 
|  46|0x0000000085400000, 0x0000000085400000, 0x0000000085500000|  0%| F|  |TAMS 0x0000000085400000, 0x0000000085400000| Untracked 
|  47|0x0000000085500000, 0x0000000085500000, 0x0000000085600000|  0%| F|  |TAMS 0x0000000085500000, 0x0000000085500000| Untracked 
|  48|0x0000000085600000, 0x0000000085600000, 0x0000000085700000|  0%| F|  |TAMS 0x0000000085600000, 0x0000000085600000| Untracked 
|  49|0x0000000085700000, 0x0000000085700000, 0x0000000085800000|  0%| F|  |TAMS 0x0000000085700000, 0x0000000085700000| Untracked 
|  50|0x0000000085800000, 0x0000000085800000, 0x0000000085900000|  0%| F|  |TAMS 0x0000000085800000, 0x0000000085800000| Untracked 
|  51|0x0000000085900000, 0x0000000085900000, 0x0000000085a00000|  0%| F|  |TAMS 0x0000000085900000, 0x0000000085900000| Untracked 
|  52|0x0000000085a00000, 0x0000000085a00000, 0x0000000085b00000|  0%| F|  |TAMS 0x0000000085a00000, 0x0000000085a00000| Untracked 
|  53|0x0000000085b00000, 0x0000000085b00000, 0x0000000085c00000|  0%| F|  |TAMS 0x0000000085b00000, 0x0000000085b00000| Untracked 
|  54|0x0000000085c00000, 0x0000000085c00000, 0x0000000085d00000|  0%| F|  |TAMS 0x0000000085c00000, 0x0000000085c00000| Untracked 
|  55|0x0000000085d00000, 0x0000000085d00000, 0x0000000085e00000|  0%| F|  |TAMS 0x0000000085d00000, 0x0000000085d00000| Untracked 
|  56|0x0000000085e00000, 0x0000000085e00000, 0x0000000085f00000|  0%| F|  |TAMS 0x0000000085e00000, 0x0000000085e00000| Untracked 
|  57|0x0000000085f00000, 0x0000000085f00000, 0x0000000086000000|  0%| F|  |TAMS 0x0000000085f00000, 0x0000000085f00000| Untracked 
|  58|0x0000000086000000, 0x0000000086000000, 0x0000000086100000|  0%| F|  |TAMS 0x0000000086000000, 0x0000000086000000| Untracked 
|  59|0x0000000086100000, 0x0000000086100000, 0x0000000086200000|  0%| F|  |TAMS 0x0000000086100000, 0x0000000086100000| Untracked 
|  60|0x0000000086200000, 0x0000000086200000, 0x0000000086300000|  0%| F|  |TAMS 0x0000000086200000, 0x0000000086200000| Untracked 
|  61|0x0000000086300000, 0x0000000086300000, 0x0000000086400000|  0%| F|  |TAMS 0x0000000086300000, 0x0000000086300000| Untracked 
|  62|0x0000000086400000, 0x0000000086400000, 0x0000000086500000|  0%| F|  |TAMS 0x0000000086400000, 0x0000000086400000| Untracked 
|  63|0x0000000086500000, 0x0000000086500000, 0x0000000086600000|  0%| F|  |TAMS 0x0000000086500000, 0x0000000086500000| Untracked 
|  64|0x0000000086600000, 0x0000000086600000, 0x0000000086700000|  0%| F|  |TAMS 0x0000000086600000, 0x0000000086600000| Untracked 
|  65|0x0000000086700000, 0x0000000086700000, 0x0000000086800000|  0%| F|  |TAMS 0x0000000086700000, 0x0000000086700000| Untracked 
|  66|0x0000000086800000, 0x0000000086800000, 0x0000000086900000|  0%| F|  |TAMS 0x0000000086800000, 0x0000000086800000| Untracked 
|  67|0x0000000086900000, 0x0000000086900000, 0x0000000086a00000|  0%| F|  |TAMS 0x0000000086900000, 0x0000000086900000| Untracked 
|  68|0x0000000086a00000, 0x0000000086a00000, 0x0000000086b00000|  0%| F|  |TAMS 0x0000000086a00000, 0x0000000086a00000| Untracked 
|  69|0x0000000086b00000, 0x0000000086b00000, 0x0000000086c00000|  0%| F|  |TAMS 0x0000000086b00000, 0x0000000086b00000| Untracked 
|  70|0x0000000086c00000, 0x0000000086c00000, 0x0000000086d00000|  0%| F|  |TAMS 0x0000000086c00000, 0x0000000086c00000| Untracked 
|  71|0x0000000086d00000, 0x0000000086d00000, 0x0000000086e00000|  0%| F|  |TAMS 0x0000000086d00000, 0x0000000086d00000| Untracked 
|  72|0x0000000086e00000, 0x0000000086e00000, 0x0000000086f00000|  0%| F|  |TAMS 0x0000000086e00000, 0x0000000086e00000| Untracked 
|  73|0x0000000086f00000, 0x0000000086f00000, 0x0000000087000000|  0%| F|  |TAMS 0x0000000086f00000, 0x0000000086f00000| Untracked 
|  74|0x0000000087000000, 0x0000000087000000, 0x0000000087100000|  0%| F|  |TAMS 0x0000000087000000, 0x0000000087000000| Untracked 
|  75|0x0000000087100000, 0x0000000087100000, 0x0000000087200000|  0%| F|  |TAMS 0x0000000087100000, 0x0000000087100000| Untracked 
|  76|0x0000000087200000, 0x0000000087200000, 0x0000000087300000|  0%| F|  |TAMS 0x0000000087200000, 0x0000000087200000| Untracked 
|  77|0x0000000087300000, 0x0000000087300000, 0x0000000087400000|  0%| F|  |TAMS 0x0000000087300000, 0x0000000087300000| Untracked 
|  78|0x0000000087400000, 0x0000000087400000, 0x0000000087500000|  0%| F|  |TAMS 0x0000000087400000, 0x0000000087400000| Untracked 
|  79|0x0000000087500000, 0x0000000087500000, 0x0000000087600000|  0%| F|  |TAMS 0x0000000087500000, 0x0000000087500000| Untracked 
|  80|0x0000000087600000, 0x0000000087600000, 0x0000000087700000|  0%| F|  |TAMS 0x0000000087600000, 0x0000000087600000| Untracked 
|  81|0x0000000087700000, 0x0000000087700000, 0x0000000087800000|  0%| F|  |TAMS 0x0000000087700000, 0x0000000087700000| Untracked 
|  82|0x0000000087800000, 0x0000000087900000, 0x0000000087900000|100%| E|  |TAMS 0x0000000087800000, 0x0000000087800000| Complete 
|  83|0x0000000087900000, 0x0000000087a00000, 0x0000000087a00000|100%| E|CS|TAMS 0x0000000087900000, 0x0000000087900000| Complete 
|  84|0x0000000087a00000, 0x0000000087b00000, 0x0000000087b00000|100%| E|CS|TAMS 0x0000000087a00000, 0x0000000087a00000| Complete 
|  85|0x0000000087b00000, 0x0000000087c00000, 0x0000000087c00000|100%| E|CS|TAMS 0x0000000087b00000, 0x0000000087b00000| Complete 
|  86|0x0000000087c00000, 0x0000000087d00000, 0x0000000087d00000|100%| E|CS|TAMS 0x0000000087c00000, 0x0000000087c00000| Complete 
|  87|0x0000000087d00000, 0x0000000087e00000, 0x0000000087e00000|100%| E|CS|TAMS 0x0000000087d00000, 0x0000000087d00000| Complete 
|  88|0x0000000087e00000, 0x0000000087f00000, 0x0000000087f00000|100%| E|CS|TAMS 0x0000000087e00000, 0x0000000087e00000| Complete 
|  89|0x0000000087f00000, 0x0000000088000000, 0x0000000088000000|100%| E|CS|TAMS 0x0000000087f00000, 0x0000000087f00000| Complete 
|  90|0x0000000088000000, 0x0000000088100000, 0x0000000088100000|100%| E|CS|TAMS 0x0000000088000000, 0x0000000088000000| Complete 
|  91|0x0000000088100000, 0x0000000088200000, 0x0000000088200000|100%| E|CS|TAMS 0x0000000088100000, 0x0000000088100000| Complete 
|  92|0x0000000088200000, 0x0000000088300000, 0x0000000088300000|100%| E|CS|TAMS 0x0000000088200000, 0x0000000088200000| Complete 
|  93|0x0000000088300000, 0x0000000088400000, 0x0000000088400000|100%| E|CS|TAMS 0x0000000088300000, 0x0000000088300000| Complete 
|  94|0x0000000088400000, 0x0000000088500000, 0x0000000088500000|100%| E|CS|TAMS 0x0000000088400000, 0x0000000088400000| Complete 
|  95|0x0000000088500000, 0x0000000088600000, 0x0000000088600000|100%| E|CS|TAMS 0x0000000088500000, 0x0000000088500000| Complete 
|  96|0x0000000088600000, 0x0000000088700000, 0x0000000088700000|100%| E|CS|TAMS 0x0000000088600000, 0x0000000088600000| Complete 
|  97|0x0000000088700000, 0x0000000088800000, 0x0000000088800000|100%| E|CS|TAMS 0x0000000088700000, 0x0000000088700000| Complete 
|  98|0x0000000088800000, 0x0000000088900000, 0x0000000088900000|100%| E|CS|TAMS 0x0000000088800000, 0x0000000088800000| Complete 
|  99|0x0000000088900000, 0x0000000088a00000, 0x0000000088a00000|100%| S|CS|TAMS 0x0000000088900000, 0x0000000088900000| Complete 
| 100|0x0000000088a00000, 0x0000000088b00000, 0x0000000088b00000|100%| S|CS|TAMS 0x0000000088a00000, 0x0000000088a00000| Complete 
| 101|0x0000000088b00000, 0x0000000088c00000, 0x0000000088c00000|100%| S|CS|TAMS 0x0000000088b00000, 0x0000000088b00000| Complete 
| 102|0x0000000088c00000, 0x0000000088d00000, 0x0000000088d00000|100%| E|CS|TAMS 0x0000000088c00000, 0x0000000088c00000| Complete 
| 103|0x0000000088d00000, 0x0000000088e00000, 0x0000000088e00000|100%| E|CS|TAMS 0x0000000088d00000, 0x0000000088d00000| Complete 
| 104|0x0000000088e00000, 0x0000000088f00000, 0x0000000088f00000|100%| E|CS|TAMS 0x0000000088e00000, 0x0000000088e00000| Complete 
| 105|0x0000000088f00000, 0x0000000089000000, 0x0000000089000000|100%| E|CS|TAMS 0x0000000088f00000, 0x0000000088f00000| Complete 
| 106|0x0000000089000000, 0x0000000089100000, 0x0000000089100000|100%| E|CS|TAMS 0x0000000089000000, 0x0000000089000000| Complete 
| 107|0x0000000089100000, 0x0000000089200000, 0x0000000089200000|100%| E|CS|TAMS 0x0000000089100000, 0x0000000089100000| Complete 
| 108|0x0000000089200000, 0x0000000089300000, 0x0000000089300000|100%| E|CS|TAMS 0x0000000089200000, 0x0000000089200000| Complete 
| 109|0x0000000089300000, 0x0000000089400000, 0x0000000089400000|100%| E|CS|TAMS 0x0000000089300000, 0x0000000089300000| Complete 
| 110|0x0000000089400000, 0x0000000089500000, 0x0000000089500000|100%| E|CS|TAMS 0x0000000089400000, 0x0000000089400000| Complete 
| 111|0x0000000089500000, 0x0000000089600000, 0x0000000089600000|100%| E|CS|TAMS 0x0000000089500000, 0x0000000089500000| Complete 
| 112|0x0000000089600000, 0x0000000089700000, 0x0000000089700000|100%| E|CS|TAMS 0x0000000089600000, 0x0000000089600000| Complete 
| 113|0x0000000089700000, 0x0000000089800000, 0x0000000089800000|100%| E|CS|TAMS 0x0000000089700000, 0x0000000089700000| Complete 
| 114|0x0000000089800000, 0x0000000089900000, 0x0000000089900000|100%| E|CS|TAMS 0x0000000089800000, 0x0000000089800000| Complete 
| 115|0x0000000089900000, 0x0000000089a00000, 0x0000000089a00000|100%| E|CS|TAMS 0x0000000089900000, 0x0000000089900000| Complete 
| 116|0x0000000089a00000, 0x0000000089b00000, 0x0000000089b00000|100%| E|CS|TAMS 0x0000000089a00000, 0x0000000089a00000| Complete 
| 117|0x0000000089b00000, 0x0000000089c00000, 0x0000000089c00000|100%| E|CS|TAMS 0x0000000089b00000, 0x0000000089b00000| Complete 
| 118|0x0000000089c00000, 0x0000000089d00000, 0x0000000089d00000|100%| E|CS|TAMS 0x0000000089c00000, 0x0000000089c00000| Complete 
| 119|0x0000000089d00000, 0x0000000089e00000, 0x0000000089e00000|100%| E|CS|TAMS 0x0000000089d00000, 0x0000000089d00000| Complete 
| 120|0x0000000089e00000, 0x0000000089f00000, 0x0000000089f00000|100%| E|CS|TAMS 0x0000000089e00000, 0x0000000089e00000| Complete 
| 121|0x0000000089f00000, 0x000000008a000000, 0x000000008a000000|100%| E|CS|TAMS 0x0000000089f00000, 0x0000000089f00000| Complete 
| 122|0x000000008a000000, 0x000000008a100000, 0x000000008a100000|100%| E|CS|TAMS 0x000000008a000000, 0x000000008a000000| Complete 
| 123|0x000000008a100000, 0x000000008a200000, 0x000000008a200000|100%| E|CS|TAMS 0x000000008a100000, 0x000000008a100000| Complete 
| 124|0x000000008a200000, 0x000000008a300000, 0x000000008a300000|100%| E|CS|TAMS 0x000000008a200000, 0x000000008a200000| Complete 
| 125|0x000000008a300000, 0x000000008a400000, 0x000000008a400000|100%| E|CS|TAMS 0x000000008a300000, 0x000000008a300000| Complete 

Card table byte_map: [0x0000020ba87d0000,0x0000020ba8bc0000] _byte_map_base: 0x0000020ba83bd000

Marking Bits (Prev, Next): (CMBitMap*) 0x0000020b90bf2a48, (CMBitMap*) 0x0000020b90bf2a88
 Prev Bits: [0x0000020ba8fb0000, 0x0000020baaf18000)
 Next Bits: [0x0000020baaf20000, 0x0000020bace88000)

Polling page: 0x0000020b8eb30000

Metaspace:

Usage:
  Non-class:     12.01 MB capacity,    10.39 MB ( 87%) used,     1.61 MB ( 13%) free+waste,    15.06 KB ( <1%) overhead. 
      Class:      1.64 MB capacity,     1.41 MB ( 86%) used,   229.11 KB ( 14%) free+waste,     6.81 KB ( <1%) overhead. 
       Both:     13.65 MB capacity,    11.80 MB ( 86%) used,     1.83 MB ( 13%) free+waste,    21.88 KB ( <1%) overhead. 

Virtual space:
  Non-class space:       18.00 MB reserved,      12.25 MB ( 68%) committed 
      Class space:        1.00 GB reserved,       1.75 MB ( <1%) committed 
             Both:        1.02 GB reserved,      14.00 MB (  1%) committed 

Chunk freelists:
   Non-Class:  54.00 KB
       Class:  12.00 KB
        Both:  66.00 KB

MaxMetaspaceSize: 17179869184.00 GB
CompressedClassSpaceSize: 1.00 GB

CodeHeap 'non-profiled nmethods': size=120000Kb used=751Kb max_used=751Kb free=119248Kb
 bounds [0x0000020ba0b80000, 0x0000020ba0df0000, 0x0000020ba80b0000]
CodeHeap 'profiled nmethods': size=120000Kb used=4467Kb max_used=4467Kb free=115532Kb
 bounds [0x0000020b99650000, 0x0000020b99ab0000, 0x0000020ba0b80000]
CodeHeap 'non-nmethods': size=5760Kb used=1186Kb max_used=1199Kb free=4573Kb
 bounds [0x0000020b990b0000, 0x0000020b99320000, 0x0000020b99650000]
 total_blobs=3165 nmethods=2027 adapters=344
 compilation: enabled
              stopped_count=0, restarted_count=0
 full_count=0

Compilation events (20 events):
Event: 9.086 Thread 0x0000020bb01e3000 nmethod 2022 0x0000020b99aa9c90 code [0x0000020b99aa9e40, 0x0000020b99aaa018]
Event: 9.087 Thread 0x0000020bb01e3000 2023       3       java.util.regex.Pattern$Branch::match (66 bytes)
Event: 9.088 Thread 0x0000020bb01e3000 nmethod 2023 0x0000020b99aaa110 code [0x0000020b99aaa300, 0x0000020b99aaa840]
Event: 9.088 Thread 0x0000020bb01e3000 2024       3       java.util.Collections$UnmodifiableMap$UnmodifiableEntrySet$UnmodifiableEntry::getKey (10 bytes)
Event: 9.088 Thread 0x0000020bb01e3000 nmethod 2024 0x0000020b99aaaa10 code [0x0000020b99aaabc0, 0x0000020b99aaae10]
Event: 9.088 Thread 0x0000020bb01e3000 2025       3       java.util.Collections$UnmodifiableMap$UnmodifiableEntrySet$UnmodifiableEntry::getValue (10 bytes)
Event: 9.088 Thread 0x0000020bb01e3000 nmethod 2025 0x0000020b99aaaf10 code [0x0000020b99aab0c0, 0x0000020b99aab310]
Event: 9.091 Thread 0x0000020baf976000 2026   !   4       sun.nio.cs.StreamDecoder::read (196 bytes)
Event: 9.093 Thread 0x0000020bb01e3000 2027       1       org.codehaus.plexus.util.xml.Xpp3Dom::setParent (6 bytes)
Event: 9.093 Thread 0x0000020bb01e3000 nmethod 2027 0x0000020ba0c3b310 code [0x0000020ba0c3b4a0, 0x0000020ba0c3b618]
Event: 9.093 Thread 0x0000020bb01e3000 2028       1       org.codehaus.plexus.util.xml.Xpp3Dom::setValue (6 bytes)
Event: 9.093 Thread 0x0000020bb01e3000 nmethod 2028 0x0000020ba0c3b690 code [0x0000020ba0c3b820, 0x0000020ba0c3b998]
Event: 9.093 Thread 0x0000020bb01e3000 2029       3       java.util.HashMap::<init> (8 bytes)
Event: 9.093 Thread 0x0000020bb01e3000 nmethod 2029 0x0000020b99aab410 code [0x0000020b99aab5e0, 0x0000020b99aab790]
Event: 9.093 Thread 0x0000020bb01e3000 2030       1       org.codehaus.plexus.util.xml.Xpp3Dom::getValue (5 bytes)
Event: 9.093 Thread 0x0000020bb01e3000 nmethod 2030 0x0000020ba0c3ba10 code [0x0000020ba0c3bba0, 0x0000020ba0c3bcd8]
Event: 9.104 Thread 0x0000020bb01e3000 2031       3       java.util.regex.Pattern$Node::<init> (12 bytes)
Event: 9.105 Thread 0x0000020bb01e3000 nmethod 2031 0x0000020b99aab810 code [0x0000020b99aab9c0, 0x0000020b99aabbf8]
Event: 9.132 Thread 0x0000020bb01e3000 2032       3       java.util.regex.Matcher::start (65 bytes)
Event: 9.133 Thread 0x0000020bb01e3000 nmethod 2032 0x0000020b99aabc90 code [0x0000020b99aabf20, 0x0000020b99aaca30]

GC Heap History (2 events):
Event: 3.503 GC heap before
{Heap before GC invocations=0 (full 0):
 garbage-first heap   total 129024K, used 23552K [0x0000000082600000, 0x0000000100000000)
  region size 1024K, 24 young (24576K), 0 survivors (0K)
 Metaspace       used 4848K, capacity 7689K, committed 7808K, reserved 1056768K
  class space    used 606K, capacity 884K, committed 896K, reserved 1048576K
}
Event: 3.768 GC heap after
{Heap after GC invocations=1 (full 0):
 garbage-first heap   total 129024K, used 3587K [0x0000000082600000, 0x0000000100000000)
  region size 1024K, 3 young (3072K), 3 survivors (3072K)
 Metaspace       used 4848K, capacity 7689K, committed 7808K, reserved 1056768K
  class space    used 606K, capacity 884K, committed 896K, reserved 1048576K
}

Deoptimization events (20 events):
Event: 8.746 Thread 0x0000020b90baf800 Uncommon trap: trap_request=0xffffff45 fr.pc=0x0000020ba0b94a84 relative=0x0000000000000164
Event: 8.746 Thread 0x0000020b90baf800 Uncommon trap: reason=unstable_if action=reinterpret pc=0x0000020ba0b94a84 method=java.lang.StringCoding.hasNegatives([BII)Z @ 12 c2
Event: 8.746 Thread 0x0000020b90baf800 DEOPT PACKING pc=0x0000020ba0b94a84 sp=0x000000bfd33fdc20
Event: 8.746 Thread 0x0000020b90baf800 DEOPT UNPACKING pc=0x0000020b990f912f sp=0x000000bfd33fdbb0 mode 2
Event: 8.746 Thread 0x0000020b90baf800 Uncommon trap: trap_request=0xffffff45 fr.pc=0x0000020ba0b9db94 relative=0x0000000000000174
Event: 8.746 Thread 0x0000020b90baf800 Uncommon trap: reason=unstable_if action=reinterpret pc=0x0000020ba0b9db94 method=java.lang.String.indexOf(II)I @ 4 c2
Event: 8.746 Thread 0x0000020b90baf800 DEOPT PACKING pc=0x0000020ba0b9db94 sp=0x000000bfd33fdde0
Event: 8.746 Thread 0x0000020b90baf800 DEOPT UNPACKING pc=0x0000020b990f912f sp=0x000000bfd33fdd10 mode 2
Event: 8.746 Thread 0x0000020b90baf800 Uncommon trap: trap_request=0xffffff45 fr.pc=0x0000020ba0ba9bac relative=0x000000000000046c
Event: 8.746 Thread 0x0000020b90baf800 Uncommon trap: reason=unstable_if action=reinterpret pc=0x0000020ba0ba9bac method=java.lang.String.substring(II)Ljava/lang/String; @ 31 c2
Event: 8.746 Thread 0x0000020b90baf800 DEOPT PACKING pc=0x0000020ba0ba9bac sp=0x000000bfd33fdd80
Event: 8.746 Thread 0x0000020b90baf800 DEOPT UNPACKING pc=0x0000020b990f912f sp=0x000000bfd33fdd50 mode 2
Event: 8.753 Thread 0x0000020b90baf800 Uncommon trap: trap_request=0xffffff45 fr.pc=0x0000020ba0bcd930 relative=0x00000000000002d0
Event: 8.753 Thread 0x0000020b90baf800 Uncommon trap: reason=unstable_if action=reinterpret pc=0x0000020ba0bcd930 method=sun.nio.cs.UTF_8$Decoder.decodeArrayLoop(Ljava/nio/ByteBuffer;Ljava/nio/CharBuffer;)Ljava/nio/charset/CoderResult; @ 84 c2
Event: 8.753 Thread 0x0000020b90baf800 DEOPT PACKING pc=0x0000020ba0bcd930 sp=0x000000bfd33fd9d0
Event: 8.753 Thread 0x0000020b90baf800 DEOPT UNPACKING pc=0x0000020b990f912f sp=0x000000bfd33fd910 mode 2
Event: 8.894 Thread 0x0000020b90baf800 Uncommon trap: trap_request=0xffffff45 fr.pc=0x0000020ba0c02568 relative=0x00000000000005a8
Event: 8.894 Thread 0x0000020b90baf800 Uncommon trap: reason=unstable_if action=reinterpret pc=0x0000020ba0c02568 method=java.lang.String.replace(CC)Ljava/lang/String; @ 2 c2
Event: 8.894 Thread 0x0000020b90baf800 DEOPT PACKING pc=0x0000020ba0c02568 sp=0x000000bfd33fd9c0
Event: 8.894 Thread 0x0000020b90baf800 DEOPT UNPACKING pc=0x0000020b990f912f sp=0x000000bfd33fd970 mode 2

Classes unloaded (0 events):
No events

Classes redefined (0 events):
No events

Internal exceptions (5 events):
Event: 1.596 Thread 0x0000020b90baf800 Exception <a 'java/lang/NoSuchMethodError'{0x0000000089eba1c0}: 'int java.lang.invoke.DirectMethodHandle$Holder.invokeSpecialIFC(java.lang.Object, java.lang.Object, int)'> (0x0000000089eba1c0) 
thrown [t:/workspace/open/src/hotspot/share/interpreter/linkResolver.cpp, line 767]
Event: 7.459 Thread 0x0000020b90baf800 Exception <a 'java/lang/NoClassDefFoundError'{0x0000000088472290}: com/google/inject/servlet/ServletModuleTargetVisitor> (0x0000000088472290) 
thrown [t:/workspace/open/src/hotspot/share/classfile/systemDictionary.cpp, line 221]
Event: 7.460 Thread 0x0000020b90baf800 Exception <a 'java/lang/NoClassDefFoundError'{0x0000000088474da8}: javax/annotation/Priority> (0x0000000088474da8) 
thrown [t:/workspace/open/src/hotspot/share/classfile/systemDictionary.cpp, line 221]
Event: 7.975 Thread 0x0000020b90baf800 Exception <a 'java/lang/NoSuchMethodError'{0x00000000880823f0}: 'java.lang.Object java.lang.invoke.DirectMethodHandle$Holder.invokeStaticInit(java.lang.Object, int, int, int, int)'> (0x00000000880823f0) 
thrown [t:/workspace/open/src/hotspot/share/interpreter/linkResolver.cpp, line 767]
Event: 8.686 Thread 0x0000020b90baf800 Implicit null exception at 0x0000020ba0c3199d to 0x0000020ba0c31a86

Events (20 events):
Event: 9.094 loading class org/apache/maven/model/building/ModelCacheTag$2
Event: 9.094 loading class org/apache/maven/model/building/ModelCacheTag$2 done
Event: 9.094 loading class org/apache/maven/repository/internal/DefaultModelCache$Key
Event: 9.094 loading class org/apache/maven/repository/internal/DefaultModelCache$Key done
Event: 9.096 loading class org/eclipse/aether/util/version/GenericVersionScheme
Event: 9.096 loading class org/eclipse/aether/util/version/GenericVersionScheme done
Event: 9.096 loading class org/eclipse/aether/version/VersionConstraint
Event: 9.096 loading class org/eclipse/aether/version/VersionConstraint done
Event: 9.097 loading class org/eclipse/aether/version/VersionRange
Event: 9.097 loading class org/eclipse/aether/version/VersionRange done
Event: 9.097 loading class org/eclipse/aether/util/version/GenericVersionConstraint
Event: 9.097 loading class org/eclipse/aether/util/version/GenericVersionConstraint done
Event: 9.098 loading class org/eclipse/aether/util/version/GenericVersion
Event: 9.098 loading class org/eclipse/aether/util/version/GenericVersion done
Event: 9.098 Executing VM operation: CollectForMetadataAllocation
Event: 9.099 Executing VM operation: CollectForMetadataAllocation done
Event: 9.100 loading class org/eclipse/aether/util/version/GenericVersion$Tokenizer
Event: 9.100 loading class org/eclipse/aether/util/version/GenericVersion$Tokenizer done
Event: 9.101 loading class org/eclipse/aether/util/version/GenericVersion$Item
Event: 9.101 loading class org/eclipse/aether/util/version/GenericVersion$Item done


Dynamic libraries:
0x00007ff73cf90000 - 0x00007ff73cf9f000 	D:\Program Files\Java\jdk-13\bin\java.exe
0x00007fffdf620000 - 0x00007fffdf810000 	C:\windows\SYSTEM32\ntdll.dll
0x00007fffddfe0000 - 0x00007fffde092000 	C:\windows\System32\KERNEL32.DLL
0x00007fffdc5b0000 - 0x00007fffdc855000 	C:\windows\System32\KERNELBASE.dll
0x00007fffdcda0000 - 0x00007fffdce9a000 	C:\windows\System32\ucrtbase.dll
0x00007fffc8440000 - 0x00007fffc8458000 	D:\Program Files\Java\jdk-13\bin\jli.dll
0x00007fffde820000 - 0x00007fffde8c3000 	C:\windows\System32\ADVAPI32.dll
0x00007fffdeb60000 - 0x00007fffdebfe000 	C:\windows\System32\msvcrt.dll
0x00007fffdf4e0000 - 0x00007fffdf577000 	C:\windows\System32\sechost.dll
0x00007fffde180000 - 0x00007fffde2a0000 	C:\windows\System32\RPCRT4.dll
0x00007fffde370000 - 0x00007fffde505000 	C:\windows\System32\USER32.dll
0x00007fffdcd70000 - 0x00007fffdcd91000 	C:\windows\System32\win32u.dll
0x00007fffdf4b0000 - 0x00007fffdf4d6000 	C:\windows\System32\GDI32.dll
0x00007fffdc9d0000 - 0x00007fffdcb66000 	C:\windows\System32\gdi32full.dll
0x00007fffdc860000 - 0x00007fffdc8fe000 	C:\windows\System32\msvcp_win.dll
0x00007fffc8420000 - 0x00007fffc8435000 	D:\Program Files\Java\jdk-13\bin\VCRUNTIME140.dll
0x00007fffc5ca0000 - 0x00007fffc5f24000 	C:\windows\WinSxS\amd64_microsoft.windows.common-controls_6595b64144ccf1df_6.0.18362.1082_none_9e8193e1e45b25c1\COMCTL32.dll
0x00007fffdd800000 - 0x00007fffddb35000 	C:\windows\System32\combase.dll
0x00007fffdc930000 - 0x00007fffdc9b0000 	C:\windows\System32\bcryptPrimitives.dll
0x00007fffd1830000 - 0x00007fffd183a000 	C:\windows\SYSTEM32\VERSION.dll
0x00007fffddb40000 - 0x00007fffddb6e000 	C:\windows\System32\IMM32.DLL
0x00007fffb7680000 - 0x00007fffb771b000 	D:\Program Files\Java\jdk-13\bin\msvcp140.dll
0x00007fff816f0000 - 0x00007fff82256000 	D:\Program Files\Java\jdk-13\bin\server\jvm.dll
0x00007fffde580000 - 0x00007fffde588000 	C:\windows\System32\PSAPI.DLL
0x00007fffd45e0000 - 0x00007fffd45e9000 	C:\windows\SYSTEM32\WSOCK32.dll
0x00007fffde0a0000 - 0x00007fffde10f000 	C:\windows\System32\WS2_32.dll
0x00007fffd08e0000 - 0x00007fffd0904000 	C:\windows\SYSTEM32\WINMM.dll
0x00007fffd08b0000 - 0x00007fffd08dd000 	C:\windows\SYSTEM32\WINMMBASE.dll
0x00007fffdcbd0000 - 0x00007fffdcc1a000 	C:\windows\System32\cfgmgr32.dll
0x00007fffdc4f0000 - 0x00007fffdc501000 	C:\windows\System32\kernel.appcore.dll
0x00007fffd29d0000 - 0x00007fffd29e0000 	D:\Program Files\Java\jdk-13\bin\verify.dll
0x00007fffda5a0000 - 0x00007fffda794000 	C:\windows\SYSTEM32\DBGHELP.DLL
0x00007fffc2fb0000 - 0x00007fffc2fda000 	C:\windows\SYSTEM32\dbgcore.DLL
0x00007fffc6370000 - 0x00007fffc6396000 	D:\Program Files\Java\jdk-13\bin\java.dll
0x00007fffc6350000 - 0x00007fffc6367000 	D:\Program Files\Java\jdk-13\bin\zip.dll
0x00007fffd2860000 - 0x00007fffd286a000 	D:\Program Files\Java\jdk-13\bin\jimage.dll
0x00007fffdec10000 - 0x00007fffdf2f7000 	C:\windows\System32\SHELL32.dll
0x00007fffdd6d0000 - 0x00007fffdd779000 	C:\windows\System32\shcore.dll
0x00007fffdcea0000 - 0x00007fffdd620000 	C:\windows\System32\windows.storage.dll
0x00007fffdc560000 - 0x00007fffdc583000 	C:\windows\System32\profapi.dll
0x00007fffdc510000 - 0x00007fffdc55a000 	C:\windows\System32\powrprof.dll
0x00007fffdc4e0000 - 0x00007fffdc4f0000 	C:\windows\System32\UMPDC.dll
0x00007fffde510000 - 0x00007fffde562000 	C:\windows\System32\shlwapi.dll
0x00007fffdc9b0000 - 0x00007fffdc9c7000 	C:\windows\System32\cryptsp.dll
0x00007fffc6330000 - 0x00007fffc6349000 	D:\program files\Java\jdk-13\bin\net.dll
0x00007fffd63b0000 - 0x00007fffd64a0000 	C:\windows\SYSTEM32\WINHTTP.dll
0x00007fffc6bb0000 - 0x00007fffc6d86000 	C:\windows\SYSTEM32\urlmon.dll
0x00007fffc47a0000 - 0x00007fffc4a46000 	C:\windows\SYSTEM32\iertutil.dll
0x00007fffdbf00000 - 0x00007fffdbf0c000 	C:\windows\SYSTEM32\CRYPTBASE.DLL
0x00007fffdbd30000 - 0x00007fffdbd97000 	C:\windows\system32\mswsock.dll
0x00007fffc6310000 - 0x00007fffc6323000 	D:\program files\Java\jdk-13\bin\nio.dll

dbghelp: loaded successfully - version: 4.0.5 - missing functions: none
symbol engine: initialized successfully - sym options: 0x614 - pdb path: .;D:\Program Files\Java\jdk-13\bin;C:\windows\SYSTEM32;C:\windows\WinSxS\amd64_microsoft.windows.common-controls_6595b64144ccf1df_6.0.18362.1082_none_9e8193e1e45b25c1;D:\Program Files\Java\jdk-13\bin\server

VM Arguments:
jvm_args: -Dmaven.multiModuleProjectDirectory=E:\idea space\ch14_spring_transaction -DarchetypeCatalog=internal -Dfile.encoding=gb2312 -Dmaven.home=D:\program files\apache-maven-3.3.9 -Dclassworlds.conf=D:\program files\apache-maven-3.3.9\bin\m2.conf -Dmaven.ext.class.path=D:\program files\IntelliJ IDEA 2020.1\plugins\maven\lib\maven-event-listener.jar 
java_command: org.codehaus.classworlds.Launcher -Didea.version2020.1 -s D:\program files\apache-maven-3.3.9\conf\settings.xml clean install --non-recursive
java_class_path (initial): D:\program files\apache-maven-3.3.9\boot\plexus-classworlds-2.5.2.jar
Launcher Type: SUN_STANDARD

[Global flags]
     intx CICompilerCount                          = 4                                         {product} {ergonomic}
     uint ConcGCThreads                            = 2                                         {product} {ergonomic}
     uint G1ConcRefinementThreads                  = 8                                         {product} {ergonomic}
   size_t G1HeapRegionSize                         = 1048576                                   {product} {ergonomic}
    uintx GCDrainStackTargetSize                   = 64                                        {product} {ergonomic}
   size_t InitialHeapSize                          = 132120576                                 {product} {ergonomic}
   size_t MarkStackSize                            = 4194304                                   {product} {ergonomic}
   size_t MaxHeapSize                              = 2107637760                                {product} {ergonomic}
   size_t MaxNewSize                               = 1264582656                                {product} {ergonomic}
   size_t MinHeapDeltaBytes                        = 1048576                                   {product} {ergonomic}
   size_t MinHeapSize                              = 8388608                                   {product} {ergonomic}
    uintx NonNMethodCodeHeapSize                   = 5836300                                {pd product} {ergonomic}
    uintx NonProfiledCodeHeapSize                  = 122910970                              {pd product} {ergonomic}
    uintx ProfiledCodeHeapSize                     = 122910970                              {pd product} {ergonomic}
    uintx ReservedCodeCacheSize                    = 251658240                              {pd product} {ergonomic}
     bool SegmentedCodeCache                       = true                                      {product} {ergonomic}
   size_t SoftMaxHeapSize                          = 2107637760                             {manageable} {ergonomic}
     bool UseCompressedClassPointers               = true                                 {lp64_product} {ergonomic}
     bool UseCompressedOops                        = true                                 {lp64_product} {ergonomic}
     bool UseG1GC                                  = true                                      {product} {ergonomic}
     bool UseLargePagesIndividualAllocation        = false                                  {pd product} {ergonomic}

Logging:
Log output configuration:
 #0: stdout all=warning uptime,level,tags
 #1: stderr all=off uptime,level,tags

Environment Variables:
JAVA_HOME=D:\program files\Java\jdk-13
CLASSPATH=.;D:\program files\apache-maven-3.3.9\mysql-connector-java-8.0.20.jar
PATH=D:\program files\perl\site\bin;D:\program files\perl\bin;C:\Program Files\Microsoft MPI\Bin\;C:\windows;C:\windows\system32;C:\windows\System32\Wbem;C:\windows\System32\WindowsPowerShell\v1.0\;C:\windows\System32\OpenSSH\;C:\Program Files (x86)\NVIDIA Corporation\PhysX\Common;C:\Program Files\NVIDIA Corporation\NVIDIA NvDLISR;C:\Program Files\Intel\WiFi\bin\;C:\Program Files\Common Files\Intel\WirelessCommon\;D:\program files\mysql-8.0.17-winx64\bin;D:\program files\Java\jdk-13\bin;D:\program files\Java\jdk-13\jre\bin;D:\program files\texlive\2019\bin\win32;C:\Program Files\Microsoft SQL Server\130\Tools\Binn\;C:\Program Files\Microsoft SQL Server\Client SDK\ODBC\170\Tools\Binn\;D:\program files\CodeBlocks\MinGW\bin;D:\program files\apache-maven-3.3.9\bin;C:\Program Files\dotnet\;D:\program files\Git\cmd;D:\program files\python\Scripts\;D:\program files\python\;C:\Users\huige\AppData\Local\Microsoft\WindowsApps;D:\program files\Bandzip\;E:\python workspace\venv\Lib\site-packages\;D:\program files\PyCharm Community Edition 2019.2.4\bin;;D:\program files\PyCharm 2019.2.4\bin;;D:\program files\CodeBlocks\MinGW\bin;C:\Users\huige\AppData\Local\Pandoc\;D:\program files\Microsoft VS Code\bin;D:\program files\IntelliJ IDEA 2020.1\bin;;C:\Users\huige\.dotnet\tools
USERNAME=huige
OS=Windows_NT
PROCESSOR_IDENTIFIER=Intel64 Family 6 Model 142 Stepping 11, GenuineIntel



---------------  S Y S T E M  ---------------

OS: Windows 10 , 64 bit Build 18362 (10.0.18362.1082)

CPU:total 8 (initial active 8) (4 cores per cpu, 2 threads per core) family 6 model 142 stepping 11, cmov, cx8, fxsr, mmx, sse, sse2, sse3, ssse3, sse4.1, sse4.2, popcnt, avx, avx2, aes, clmul, erms, 3dnowpref, lzcnt, ht, tsc, tscinvbit, bmi1, bmi2, adx, fma

Memory: 4k page, system-wide physical 8037M (70M free)
TotalPageFile size 21349M (AvailPageFile size 4M)
current process WorkingSet (physical memory assigned to process): 105M, peak: 105M
current process commit charge ("private bytes"): 235M, peak: 235M

vm_info: Java HotSpot(TM) 64-Bit Server VM (13+33) for windows-amd64 JRE (13+33), built on Sep 18 2019 21:38:00 by "mach5one" with unknown MS VC++:1916

END.
